Vivado Simulator 2018.2
Copyright 1986-1999, 2001-2018 Xilinx, Inc. All Rights Reserved.
Running: C:/Xilinx/Vivado/2018.2/bin/unwrapped/win64.o/xelab.exe -wto 289aadecf8174a878af1689dab97325b --incr --debug typical --relax --mt 2 -L xil_defaultlib -L unisims_ver -L secureip --snapshot nexysA7fpga_func_synth xil_defaultlib.nexysA7fpga xil_defaultlib.glbl -log elaborate.log 
Using 2 slave threads.
Starting static elaboration
Completed static elaboration
Starting simulation data flow analysis
Completed simulation data flow analysis
Time Resolution for simulation is 1ps
Compiling module unisims_ver.LUT6
Compiling module unisims_ver.LUT4
Compiling module unisims_ver.FDSE_default
Compiling module unisims_ver.FDRE_default
Compiling module unisims_ver.x_lut1_mux2
Compiling module unisims_ver.LUT1
Compiling module unisims_ver.x_lut2_mux4
Compiling module unisims_ver.LUT2
Compiling module unisims_ver.x_lut3_mux8
Compiling module unisims_ver.LUT3
Compiling module unisims_ver.LUT5
Compiling module xil_defaultlib.embsys_PmodENC_0_1_address_decod...
Compiling module xil_defaultlib.embsys_PmodENC_0_1_slave_attachm...
Compiling module xil_defaultlib.embsys_PmodENC_0_1_axi_lite_ipif
Compiling module unisims_ver.GND
Compiling module unisims_ver.VCC
Compiling module xil_defaultlib.embsys_PmodENC_0_1_cdc_sync
Compiling module xil_defaultlib.embsys_PmodENC_0_1_GPIO_Core
Compiling module xil_defaultlib.embsys_PmodENC_0_1_axi_gpio
Compiling module xil_defaultlib.embsys_PmodENC_0_1_PmodENC_axi_g...
Compiling module xil_defaultlib.embsys_PmodENC_0_1_pmod_concat
Compiling module xil_defaultlib.embsys_PmodENC_0_1_PmodENC_pmod_...
Compiling module xil_defaultlib.embsys_PmodENC_0_1_PmodENC_xlcon...
Compiling module xil_defaultlib.embsys_PmodENC_0_1_PmodENC_xlsli...
Compiling module xil_defaultlib.embsys_PmodENC_0_1_PmodENC_xlsli...
Compiling module xil_defaultlib.embsys_PmodENC_0_1_PmodENC_xlsli...
Compiling module xil_defaultlib.embsys_PmodENC_0_1_PmodENC_xlsli...
Compiling module xil_defaultlib.embsys_PmodENC_0_1_PmodENC
Compiling module xil_defaultlib.embsys_PmodENC_0_1
Compiling module xil_defaultlib.embsys_PmodOLEDrgb_0_1_address_d...
Compiling module xil_defaultlib.embsys_PmodOLEDrgb_0_1_slave_att...
Compiling module xil_defaultlib.embsys_PmodOLEDrgb_0_1_axi_lite_...
Compiling module xil_defaultlib.embsys_PmodOLEDrgb_0_1_cdc_sync
Compiling module xil_defaultlib.embsys_PmodOLEDrgb_0_1_GPIO_Core
Compiling module xil_defaultlib.embsys_PmodOLEDrgb_0_1_axi_gpio
Compiling module xil_defaultlib.embsys_PmodOLEDrgb_0_1_PmodOLEDr...
Compiling module xil_defaultlib.embsys_PmodOLEDrgb_0_1_axi_lite_...
Compiling module xil_defaultlib.embsys_PmodOLEDrgb_0_1_axi_lite_...
Compiling module xil_defaultlib.embsys_PmodOLEDrgb_0_1_axi_lite_...
Compiling module xil_defaultlib.embsys_PmodOLEDrgb_0_1_axi_lite_...
Compiling module xil_defaultlib.embsys_PmodOLEDrgb_0_1_axi_lite_...
Compiling module xil_defaultlib.embsys_PmodOLEDrgb_0_1_axi_lite_...
Compiling module xil_defaultlib.embsys_PmodOLEDrgb_0_1_axi_lite_...
Compiling module xil_defaultlib.embsys_PmodOLEDrgb_0_1_axi_lite_...
Compiling module xil_defaultlib.embsys_PmodOLEDrgb_0_1_axi_lite_...
Compiling module xil_defaultlib.embsys_PmodOLEDrgb_0_1_axi_lite_...
Compiling module xil_defaultlib.embsys_PmodOLEDrgb_0_1_axi_lite_...
Compiling module xil_defaultlib.embsys_PmodOLEDrgb_0_1_axi_lite_...
Compiling module xil_defaultlib.embsys_PmodOLEDrgb_0_1_axi_lite_...
Compiling module xil_defaultlib.embsys_PmodOLEDrgb_0_1_axi_lite_...
Compiling module xil_defaultlib.embsys_PmodOLEDrgb_0_1_axi_lite_...
Compiling module xil_defaultlib.embsys_PmodOLEDrgb_0_1_axi_lite_...
Compiling module xil_defaultlib.embsys_PmodOLEDrgb_0_1_axi_lite_...
Compiling module xil_defaultlib.embsys_PmodOLEDrgb_0_1_axi_lite_...
Compiling module xil_defaultlib.embsys_PmodOLEDrgb_0_1_axi_lite_...
Compiling module xil_defaultlib.embsys_PmodOLEDrgb_0_1_address_d...
Compiling module xil_defaultlib.embsys_PmodOLEDrgb_0_1_slave_att...
Compiling module xil_defaultlib.embsys_PmodOLEDrgb_0_1_axi_lite_...
Compiling module xil_defaultlib.embsys_PmodOLEDrgb_0_1_qspi_cntr...
Compiling module xil_defaultlib.embsys_PmodOLEDrgb_0_1_cdc_sync_...
Compiling module xil_defaultlib.embsys_PmodOLEDrgb_0_1_cdc_sync_...
Compiling module xil_defaultlib.embsys_PmodOLEDrgb_0_1_cdc_sync_...
Compiling module xil_defaultlib.embsys_PmodOLEDrgb_0_1_cdc_sync_...
Compiling module xil_defaultlib.embsys_PmodOLEDrgb_0_1_cdc_sync_...
Compiling module xil_defaultlib.embsys_PmodOLEDrgb_0_1_cdc_sync_...
Compiling module xil_defaultlib.embsys_PmodOLEDrgb_0_1_cdc_sync_...
Compiling module xil_defaultlib.embsys_PmodOLEDrgb_0_1_cdc_sync_...
Compiling module xil_defaultlib.embsys_PmodOLEDrgb_0_1_cdc_sync_...
Compiling module xil_defaultlib.embsys_PmodOLEDrgb_0_1_cdc_sync_...
Compiling module xil_defaultlib.embsys_PmodOLEDrgb_0_1_cdc_sync_...
Compiling module xil_defaultlib.embsys_PmodOLEDrgb_0_1_cdc_sync_...
Compiling module xil_defaultlib.embsys_PmodOLEDrgb_0_1_cdc_sync_...
Compiling module xil_defaultlib.embsys_PmodOLEDrgb_0_1_cdc_sync_...
Compiling module xil_defaultlib.embsys_PmodOLEDrgb_0_1_cdc_sync_...
Compiling module xil_defaultlib.embsys_PmodOLEDrgb_0_1_cdc_sync_...
Compiling module unisims_ver.FDRE(INIT=1'b1)
Compiling module xil_defaultlib.embsys_PmodOLEDrgb_0_1_cdc_sync_...
Compiling module xil_defaultlib.embsys_PmodOLEDrgb_0_1_cdc_sync_...
Compiling module xil_defaultlib.embsys_PmodOLEDrgb_0_1_cdc_sync_...
Compiling module xil_defaultlib.embsys_PmodOLEDrgb_0_1_cdc_sync_...
Compiling module xil_defaultlib.embsys_PmodOLEDrgb_0_1_cross_clk...
Compiling module xil_defaultlib.embsys_PmodOLEDrgb_0_1_qspi_fifo...
Compiling module xil_defaultlib.embsys_PmodOLEDrgb_0_1_cdc_sync_...
Compiling module xil_defaultlib.embsys_PmodOLEDrgb_0_1_cdc_sync_...
Compiling module xil_defaultlib.embsys_PmodOLEDrgb_0_1_xpm_count...
Compiling module xil_defaultlib.embsys_PmodOLEDrgb_0_1_xpm_cdc_g...
Compiling module xil_defaultlib.embsys_PmodOLEDrgb_0_1_xpm_cdc_g...
Compiling module xil_defaultlib.embsys_PmodOLEDrgb_0_1_xpm_fifo_...
Compiling module xil_defaultlib.embsys_PmodOLEDrgb_0_1_xpm_fifo_...
Compiling module xil_defaultlib.embsys_PmodOLEDrgb_0_1_xpm_fifo_...
Compiling module xil_defaultlib.embsys_PmodOLEDrgb_0_1_xpm_fifo_...
Compiling module xil_defaultlib.embsys_PmodOLEDrgb_0_1_xpm_cdc_g...
Compiling module xil_defaultlib.embsys_PmodOLEDrgb_0_1_xpm_cdc_g...
Compiling module xil_defaultlib.embsys_PmodOLEDrgb_0_1_xpm_count...
Compiling module unisims_ver.RAM32M
Compiling module xil_defaultlib.embsys_PmodOLEDrgb_0_1_xpm_memor...
Compiling module xil_defaultlib.embsys_PmodOLEDrgb_0_1_xpm_count...
Compiling module xil_defaultlib.embsys_PmodOLEDrgb_0_1_xpm_count...
Compiling module xil_defaultlib.embsys_PmodOLEDrgb_0_1_xpm_fifo_...
Compiling module xil_defaultlib.embsys_PmodOLEDrgb_0_1_xpm_count...
Compiling module xil_defaultlib.embsys_PmodOLEDrgb_0_1_xpm_count...
Compiling module xil_defaultlib.embsys_PmodOLEDrgb_0_1_xpm_count...
Compiling module xil_defaultlib.embsys_PmodOLEDrgb_0_1_xpm_cdc_s...
Compiling module xil_defaultlib.embsys_PmodOLEDrgb_0_1_xpm_cdc_s...
Compiling module xil_defaultlib.embsys_PmodOLEDrgb_0_1_xpm_fifo_...
Compiling module xil_defaultlib.embsys_PmodOLEDrgb_0_1_xpm_fifo_...
Compiling module xil_defaultlib.embsys_PmodOLEDrgb_0_1_xpm_fifo_...
Compiling module xil_defaultlib.embsys_PmodOLEDrgb_0_1_async_fif...
Compiling module xil_defaultlib.embsys_PmodOLEDrgb_0_1_counter_f
Compiling module xil_defaultlib.embsys_PmodOLEDrgb_0_1_xpm_count...
Compiling module xil_defaultlib.embsys_PmodOLEDrgb_0_1_xpm_cdc_g...
Compiling module xil_defaultlib.embsys_PmodOLEDrgb_0_1_xpm_cdc_g...
Compiling module xil_defaultlib.embsys_PmodOLEDrgb_0_1_xpm_fifo_...
Compiling module xil_defaultlib.embsys_PmodOLEDrgb_0_1_xpm_fifo_...
Compiling module xil_defaultlib.embsys_PmodOLEDrgb_0_1_xpm_fifo_...
Compiling module xil_defaultlib.embsys_PmodOLEDrgb_0_1_xpm_fifo_...
Compiling module xil_defaultlib.embsys_PmodOLEDrgb_0_1_xpm_cdc_g...
Compiling module xil_defaultlib.embsys_PmodOLEDrgb_0_1_xpm_cdc_g...
Compiling module xil_defaultlib.embsys_PmodOLEDrgb_0_1_xpm_count...
Compiling module xil_defaultlib.embsys_PmodOLEDrgb_0_1_xpm_memor...
Compiling module xil_defaultlib.embsys_PmodOLEDrgb_0_1_xpm_count...
Compiling module xil_defaultlib.embsys_PmodOLEDrgb_0_1_xpm_count...
Compiling module xil_defaultlib.embsys_PmodOLEDrgb_0_1_xpm_fifo_...
Compiling module xil_defaultlib.embsys_PmodOLEDrgb_0_1_xpm_count...
Compiling module xil_defaultlib.embsys_PmodOLEDrgb_0_1_xpm_count...
Compiling module xil_defaultlib.embsys_PmodOLEDrgb_0_1_xpm_count...
Compiling module xil_defaultlib.embsys_PmodOLEDrgb_0_1_xpm_cdc_s...
Compiling module xil_defaultlib.embsys_PmodOLEDrgb_0_1_xpm_cdc_s...
Compiling module xil_defaultlib.embsys_PmodOLEDrgb_0_1_xpm_fifo_...
Compiling module xil_defaultlib.embsys_PmodOLEDrgb_0_1_xpm_fifo_...
Compiling module xil_defaultlib.embsys_PmodOLEDrgb_0_1_xpm_fifo_...
Compiling module xil_defaultlib.embsys_PmodOLEDrgb_0_1_async_fif...
Compiling module xil_defaultlib.embsys_PmodOLEDrgb_0_1_interrupt...
Compiling module unisims_ver.SRL16E_default
Compiling module xil_defaultlib.embsys_PmodOLEDrgb_0_1_qspi_mode...
Compiling module xil_defaultlib.embsys_PmodOLEDrgb_0_1_reset_syn...
Compiling module xil_defaultlib.embsys_PmodOLEDrgb_0_1_soft_rese...
Compiling module xil_defaultlib.embsys_PmodOLEDrgb_0_1_qspi_stat...
Compiling module xil_defaultlib.embsys_PmodOLEDrgb_0_1_qspi_core...
Compiling module xil_defaultlib.embsys_PmodOLEDrgb_0_1_axi_quad_...
Compiling module xil_defaultlib.embsys_PmodOLEDrgb_0_1_axi_quad_...
Compiling module xil_defaultlib.embsys_PmodOLEDrgb_0_1_PmodOLEDr...
Compiling module xil_defaultlib.embsys_PmodOLEDrgb_0_1_pmod_conc...
Compiling module xil_defaultlib.embsys_PmodOLEDrgb_0_1_PmodOLEDr...
Compiling module xil_defaultlib.embsys_PmodOLEDrgb_0_1_PmodOLEDr...
Compiling module xil_defaultlib.embsys_PmodOLEDrgb_0_1
Compiling module xil_defaultlib.embsys_axi_gpio_0_1_pselect_f
Compiling module xil_defaultlib.embsys_axi_gpio_0_1_pselect_f__p...
Compiling module xil_defaultlib.embsys_axi_gpio_0_1_address_deco...
Compiling module xil_defaultlib.embsys_axi_gpio_0_1_slave_attach...
Compiling module xil_defaultlib.embsys_axi_gpio_0_1_axi_lite_ipi...
Compiling module xil_defaultlib.embsys_axi_gpio_0_1_cdc_sync
Compiling module xil_defaultlib.embsys_axi_gpio_0_1_GPIO_Core
Compiling module xil_defaultlib.embsys_axi_gpio_0_1_axi_gpio
Compiling module xil_defaultlib.embsys_axi_gpio_0_1
Compiling module xil_defaultlib.embsys_axi_timer_0_1_pselect_f
Compiling module xil_defaultlib.embsys_axi_timer_0_1_pselect_f__...
Compiling module xil_defaultlib.embsys_axi_timer_0_1_pselect_f__...
Compiling module xil_defaultlib.embsys_axi_timer_0_1_pselect_f__...
Compiling module xil_defaultlib.embsys_axi_timer_0_1_pselect_f__...
Compiling module xil_defaultlib.embsys_axi_timer_0_1_pselect_f__...
Compiling module xil_defaultlib.embsys_axi_timer_0_1_address_dec...
Compiling module xil_defaultlib.embsys_axi_timer_0_1_slave_attac...
Compiling module xil_defaultlib.embsys_axi_timer_0_1_axi_lite_ip...
Compiling module unisims_ver.CARRY4
Compiling module xil_defaultlib.embsys_axi_timer_0_1_counter_f
Compiling module xil_defaultlib.embsys_axi_timer_0_1_count_modul...
Compiling module xil_defaultlib.embsys_axi_timer_0_1_mux_onehot_...
Compiling module xil_defaultlib.embsys_axi_timer_0_1_cdc_sync
Compiling module xil_defaultlib.embsys_axi_timer_0_1_cdc_sync_0
Compiling module xil_defaultlib.embsys_axi_timer_0_1_cdc_sync_1
Compiling module xil_defaultlib.embsys_axi_timer_0_1_timer_contr...
Compiling module xil_defaultlib.embsys_axi_timer_0_1_tc_core
Compiling module xil_defaultlib.embsys_axi_timer_0_1_axi_timer
Compiling module xil_defaultlib.embsys_axi_timer_0_1
Compiling module xil_defaultlib.embsys_axi_uartlite_0_1_pselect_...
Compiling module xil_defaultlib.embsys_axi_uartlite_0_1_pselect_...
Compiling module xil_defaultlib.embsys_axi_uartlite_0_1_address_...
Compiling module xil_defaultlib.embsys_axi_uartlite_0_1_slave_at...
Compiling module xil_defaultlib.embsys_axi_uartlite_0_1_axi_lite...
Compiling module xil_defaultlib.embsys_axi_uartlite_0_1_baudrate
Compiling module xil_defaultlib.embsys_axi_uartlite_0_1_cdc_sync
Compiling module xil_defaultlib.embsys_axi_uartlite_0_1_cntr_inc...
Compiling module xil_defaultlib.embsys_axi_uartlite_0_1_dynshreg...
Compiling module xil_defaultlib.embsys_axi_uartlite_0_1_srl_fifo...
Compiling module xil_defaultlib.embsys_axi_uartlite_0_1_srl_fifo...
Compiling module xil_defaultlib.embsys_axi_uartlite_0_1_uartlite...
Compiling module xil_defaultlib.embsys_axi_uartlite_0_1_cntr_inc...
Compiling module xil_defaultlib.embsys_axi_uartlite_0_1_dynshreg...
Compiling module xil_defaultlib.embsys_axi_uartlite_0_1_srl_fifo...
Compiling module xil_defaultlib.embsys_axi_uartlite_0_1_srl_fifo...
Compiling module xil_defaultlib.embsys_axi_uartlite_0_1_uartlite...
Compiling module xil_defaultlib.embsys_axi_uartlite_0_1_uartlite...
Compiling module xil_defaultlib.embsys_axi_uartlite_0_1_axi_uart...
Compiling module xil_defaultlib.embsys_axi_uartlite_0_1
Compiling module unisims_ver.BUFG
Compiling module unisims_ver.IBUF
Compiling module unisims_ver.MMCME2_ADV(CLKFBOUT_MULT_F=10.0,...
Compiling module xil_defaultlib.embsys_clk_wiz_1_1_embsys_clk_wi...
Compiling module xil_defaultlib.embsys_clk_wiz_1_1
Compiling module xil_defaultlib.embsys_fit_timer_0_1_Divide_part
Compiling module xil_defaultlib.embsys_fit_timer_0_1_Divide_part...
Compiling module xil_defaultlib.embsys_fit_timer_0_1_Divide_part...
Compiling module xil_defaultlib.embsys_fit_timer_0_1_Divide_part...
Compiling module xil_defaultlib.embsys_fit_timer_0_1_FIT_timer
Compiling module xil_defaultlib.embsys_fit_timer_0_1
Compiling module unisims_ver.FDCE_default
Compiling module unisims_ver.FDCE(IS_C_INVERTED=1'b1)
Compiling module xil_defaultlib.embsys_mdm_1_1_MB_FDC_1
Compiling module unisims_ver.FDRE(IS_C_INVERTED=1'b1)
Compiling module xil_defaultlib.embsys_mdm_1_1_MB_FDRE_1
Compiling module xil_defaultlib.embsys_mdm_1_1_MB_SRL16E
Compiling module xil_defaultlib.embsys_mdm_1_1_MB_SRL16E__parame...
Compiling module xil_defaultlib.embsys_mdm_1_1_MB_SRL16E__parame...
Compiling module xil_defaultlib.embsys_mdm_1_1_MB_SRL16E__parame...
Compiling module xil_defaultlib.embsys_mdm_1_1_MB_FDRSE
Compiling module xil_defaultlib.embsys_mdm_1_1_MB_FDRE_15
Compiling module xil_defaultlib.embsys_mdm_1_1_MB_MUXCY_XORCY_16
Compiling module xil_defaultlib.embsys_mdm_1_1_MB_FDRE_17
Compiling module xil_defaultlib.embsys_mdm_1_1_MB_MUXCY_XORCY_18
Compiling module xil_defaultlib.embsys_mdm_1_1_MB_FDRE_19
Compiling module xil_defaultlib.embsys_mdm_1_1_MB_MUXCY_XORCY_20
Compiling module xil_defaultlib.embsys_mdm_1_1_MB_FDRE_21
Compiling module xil_defaultlib.embsys_mdm_1_1_MB_XORCY_22
Compiling module xil_defaultlib.embsys_mdm_1_1_MB_SRL16E__parame...
Compiling module xil_defaultlib.embsys_mdm_1_1_MB_SRL16E__parame...
Compiling module xil_defaultlib.embsys_mdm_1_1_MB_SRL16E__parame...
Compiling module xil_defaultlib.embsys_mdm_1_1_MB_SRL16E__parame...
Compiling module xil_defaultlib.embsys_mdm_1_1_MB_SRL16E__parame...
Compiling module xil_defaultlib.embsys_mdm_1_1_MB_SRL16E__parame...
Compiling module xil_defaultlib.embsys_mdm_1_1_MB_SRL16E__parame...
Compiling module xil_defaultlib.embsys_mdm_1_1_MB_SRL16E__parame...
Compiling module xil_defaultlib.embsys_mdm_1_1_SRL_FIFO
Compiling module xil_defaultlib.embsys_mdm_1_1_MB_FDRE_2
Compiling module xil_defaultlib.embsys_mdm_1_1_MB_MUXCY_XORCY
Compiling module xil_defaultlib.embsys_mdm_1_1_MB_FDRE_3
Compiling module xil_defaultlib.embsys_mdm_1_1_MB_MUXCY_XORCY_4
Compiling module xil_defaultlib.embsys_mdm_1_1_MB_FDRE_5
Compiling module xil_defaultlib.embsys_mdm_1_1_MB_MUXCY_XORCY_6
Compiling module xil_defaultlib.embsys_mdm_1_1_MB_FDRE_7
Compiling module xil_defaultlib.embsys_mdm_1_1_MB_XORCY
Compiling module xil_defaultlib.embsys_mdm_1_1_MB_SRL16E__parame...
Compiling module xil_defaultlib.embsys_mdm_1_1_MB_SRL16E__parame...
Compiling module xil_defaultlib.embsys_mdm_1_1_MB_SRL16E__parame...
Compiling module xil_defaultlib.embsys_mdm_1_1_MB_SRL16E__parame...
Compiling module xil_defaultlib.embsys_mdm_1_1_MB_SRL16E__parame...
Compiling module xil_defaultlib.embsys_mdm_1_1_MB_SRL16E__parame...
Compiling module xil_defaultlib.embsys_mdm_1_1_MB_SRL16E__parame...
Compiling module xil_defaultlib.embsys_mdm_1_1_MB_SRL16E__parame...
Compiling module xil_defaultlib.embsys_mdm_1_1_SRL_FIFO_0
Compiling module unisims_ver.FDPE_default
Compiling module xil_defaultlib.embsys_mdm_1_1_JTAG_CONTROL
Compiling module xil_defaultlib.embsys_mdm_1_1_MB_FDRE
Compiling module xil_defaultlib.embsys_mdm_1_1_MDM_Core
Compiling module xil_defaultlib.embsys_mdm_1_1_MB_BUFG
Compiling module xil_defaultlib.embsys_mdm_1_1_pselect_f
Compiling module xil_defaultlib.embsys_mdm_1_1_pselect_f__parame...
Compiling module xil_defaultlib.embsys_mdm_1_1_address_decoder
Compiling module xil_defaultlib.embsys_mdm_1_1_slave_attachment
Compiling module xil_defaultlib.embsys_mdm_1_1_axi_lite_ipif
Compiling module unisims_ver.BSCANE2(JTAG_CHAIN=2)
Compiling module xil_defaultlib.embsys_mdm_1_1_MB_BSCANE2
Compiling module xil_defaultlib.embsys_mdm_1_1_MDM
Compiling module xil_defaultlib.embsys_mdm_1_1
Compiling module xil_defaultlib.embsys_microblaze_0_1_MB_MUXCY_4...
Compiling module xil_defaultlib.embsys_microblaze_0_1_MB_LUT4
Compiling module xil_defaultlib.embsys_microblaze_0_1_MB_LUT6__p...
Compiling module xil_defaultlib.embsys_microblaze_0_1_MB_MULT_AN...
Compiling module xil_defaultlib.embsys_microblaze_0_1_MB_MUXCY_X...
Compiling module xil_defaultlib.embsys_microblaze_0_1_MB_MUXCY_5...
Compiling module xil_defaultlib.embsys_microblaze_0_1_ALU_Bit__p...
Compiling module unisims_ver.LUT6_2(INIT=64'b0110000001111010...
Compiling module xil_defaultlib.embsys_microblaze_0_1_MB_LUT6_2_...
Compiling module xil_defaultlib.embsys_microblaze_0_1_MB_MUXCY_X...
Compiling module xil_defaultlib.embsys_microblaze_0_1_ALU_Bit
Compiling module xil_defaultlib.embsys_microblaze_0_1_MB_LUT6_2_...
Compiling module xil_defaultlib.embsys_microblaze_0_1_MB_MUXCY_X...
Compiling module xil_defaultlib.embsys_microblaze_0_1_ALU_Bit_49...
Compiling module xil_defaultlib.embsys_microblaze_0_1_MB_LUT6_2_...
Compiling module xil_defaultlib.embsys_microblaze_0_1_MB_MUXCY_X...
Compiling module xil_defaultlib.embsys_microblaze_0_1_ALU_Bit_49...
Compiling module xil_defaultlib.embsys_microblaze_0_1_MB_LUT6_2_...
Compiling module xil_defaultlib.embsys_microblaze_0_1_MB_MUXCY_X...
Compiling module xil_defaultlib.embsys_microblaze_0_1_ALU_Bit_49...
Compiling module xil_defaultlib.embsys_microblaze_0_1_MB_LUT6_2_...
Compiling module xil_defaultlib.embsys_microblaze_0_1_MB_MUXCY_X...
Compiling module xil_defaultlib.embsys_microblaze_0_1_ALU_Bit_49...
Compiling module xil_defaultlib.embsys_microblaze_0_1_MB_LUT6_2_...
Compiling module xil_defaultlib.embsys_microblaze_0_1_MB_MUXCY_X...
Compiling module xil_defaultlib.embsys_microblaze_0_1_ALU_Bit_49...
Compiling module xil_defaultlib.embsys_microblaze_0_1_MB_LUT6_2_...
Compiling module xil_defaultlib.embsys_microblaze_0_1_MB_MUXCY_X...
Compiling module xil_defaultlib.embsys_microblaze_0_1_ALU_Bit_49...
Compiling module xil_defaultlib.embsys_microblaze_0_1_MB_LUT6_2_...
Compiling module xil_defaultlib.embsys_microblaze_0_1_MB_MUXCY_X...
Compiling module xil_defaultlib.embsys_microblaze_0_1_ALU_Bit_50...
Compiling module xil_defaultlib.embsys_microblaze_0_1_MB_LUT6_2_...
Compiling module xil_defaultlib.embsys_microblaze_0_1_MB_MUXCY_X...
Compiling module xil_defaultlib.embsys_microblaze_0_1_ALU_Bit_50...
Compiling module xil_defaultlib.embsys_microblaze_0_1_MB_LUT6_2_...
Compiling module xil_defaultlib.embsys_microblaze_0_1_MB_MUXCY_X...
Compiling module xil_defaultlib.embsys_microblaze_0_1_ALU_Bit_50...
Compiling module xil_defaultlib.embsys_microblaze_0_1_MB_LUT6_2_...
Compiling module xil_defaultlib.embsys_microblaze_0_1_MB_MUXCY_X...
Compiling module xil_defaultlib.embsys_microblaze_0_1_ALU_Bit_50...
Compiling module xil_defaultlib.embsys_microblaze_0_1_MB_LUT6_2_...
Compiling module xil_defaultlib.embsys_microblaze_0_1_MB_MUXCY_X...
Compiling module xil_defaultlib.embsys_microblaze_0_1_ALU_Bit_50...
Compiling module xil_defaultlib.embsys_microblaze_0_1_MB_LUT6_2_...
Compiling module xil_defaultlib.embsys_microblaze_0_1_MB_MUXCY_X...
Compiling module xil_defaultlib.embsys_microblaze_0_1_ALU_Bit_50...
Compiling module xil_defaultlib.embsys_microblaze_0_1_MB_LUT6_2_...
Compiling module xil_defaultlib.embsys_microblaze_0_1_MB_MUXCY_X...
Compiling module xil_defaultlib.embsys_microblaze_0_1_ALU_Bit_50...
Compiling module xil_defaultlib.embsys_microblaze_0_1_MB_LUT6_2_...
Compiling module xil_defaultlib.embsys_microblaze_0_1_MB_MUXCY_X...
Compiling module xil_defaultlib.embsys_microblaze_0_1_ALU_Bit_50...
Compiling module xil_defaultlib.embsys_microblaze_0_1_MB_LUT6_2_...
Compiling module xil_defaultlib.embsys_microblaze_0_1_MB_MUXCY_X...
Compiling module xil_defaultlib.embsys_microblaze_0_1_ALU_Bit_50...
Compiling module xil_defaultlib.embsys_microblaze_0_1_MB_LUT6_2_...
Compiling module xil_defaultlib.embsys_microblaze_0_1_MB_MUXCY_X...
Compiling module xil_defaultlib.embsys_microblaze_0_1_ALU_Bit_50...
Compiling module xil_defaultlib.embsys_microblaze_0_1_MB_LUT6_2_...
Compiling module xil_defaultlib.embsys_microblaze_0_1_MB_MUXCY_X...
Compiling module xil_defaultlib.embsys_microblaze_0_1_ALU_Bit_51...
Compiling module xil_defaultlib.embsys_microblaze_0_1_MB_LUT6_2_...
Compiling module xil_defaultlib.embsys_microblaze_0_1_MB_MUXCY_X...
Compiling module xil_defaultlib.embsys_microblaze_0_1_ALU_Bit_51...
Compiling module xil_defaultlib.embsys_microblaze_0_1_MB_LUT6_2_...
Compiling module xil_defaultlib.embsys_microblaze_0_1_MB_MUXCY_X...
Compiling module xil_defaultlib.embsys_microblaze_0_1_ALU_Bit_51...
Compiling module xil_defaultlib.embsys_microblaze_0_1_MB_LUT6_2_...
Compiling module xil_defaultlib.embsys_microblaze_0_1_MB_MUXCY_X...
Compiling module xil_defaultlib.embsys_microblaze_0_1_ALU_Bit_51...
Compiling module xil_defaultlib.embsys_microblaze_0_1_MB_LUT6_2_...
Compiling module xil_defaultlib.embsys_microblaze_0_1_MB_MUXCY_X...
Compiling module xil_defaultlib.embsys_microblaze_0_1_ALU_Bit_51...
Compiling module xil_defaultlib.embsys_microblaze_0_1_MB_LUT6_2_...
Compiling module xil_defaultlib.embsys_microblaze_0_1_MB_MUXCY_X...
Compiling module xil_defaultlib.embsys_microblaze_0_1_ALU_Bit_51...
Compiling module xil_defaultlib.embsys_microblaze_0_1_MB_LUT6_2_...
Compiling module xil_defaultlib.embsys_microblaze_0_1_MB_MUXCY_X...
Compiling module xil_defaultlib.embsys_microblaze_0_1_ALU_Bit_51...
Compiling module xil_defaultlib.embsys_microblaze_0_1_MB_LUT6_2_...
Compiling module xil_defaultlib.embsys_microblaze_0_1_MB_MUXCY_X...
Compiling module xil_defaultlib.embsys_microblaze_0_1_ALU_Bit_51...
Compiling module xil_defaultlib.embsys_microblaze_0_1_MB_LUT6_2_...
Compiling module xil_defaultlib.embsys_microblaze_0_1_MB_MUXCY_X...
Compiling module xil_defaultlib.embsys_microblaze_0_1_ALU_Bit_51...
Compiling module xil_defaultlib.embsys_microblaze_0_1_MB_LUT6_2_...
Compiling module xil_defaultlib.embsys_microblaze_0_1_MB_MUXCY_X...
Compiling module xil_defaultlib.embsys_microblaze_0_1_ALU_Bit_51...
Compiling module xil_defaultlib.embsys_microblaze_0_1_MB_LUT6_2_...
Compiling module xil_defaultlib.embsys_microblaze_0_1_MB_MUXCY_X...
Compiling module xil_defaultlib.embsys_microblaze_0_1_ALU_Bit_52...
Compiling module xil_defaultlib.embsys_microblaze_0_1_MB_LUT6_2_...
Compiling module xil_defaultlib.embsys_microblaze_0_1_MB_MUXCY_X...
Compiling module xil_defaultlib.embsys_microblaze_0_1_ALU_Bit_52...
Compiling module xil_defaultlib.embsys_microblaze_0_1_MB_LUT6_2_...
Compiling module xil_defaultlib.embsys_microblaze_0_1_MB_MUXCY_X...
Compiling module xil_defaultlib.embsys_microblaze_0_1_ALU_Bit_52...
Compiling module xil_defaultlib.embsys_microblaze_0_1_MB_LUT6_2
Compiling module xil_defaultlib.embsys_microblaze_0_1_MB_MUXCY_X...
Compiling module xil_defaultlib.embsys_microblaze_0_1_ALU_Bit_52...
Compiling module xil_defaultlib.embsys_microblaze_0_1_ALU
Compiling module xil_defaultlib.embsys_microblaze_0_1_Byte_Doubl...
Compiling module xil_defaultlib.embsys_microblaze_0_1_MB_FDRE_46...
Compiling module xil_defaultlib.embsys_microblaze_0_1_MB_FDRE_46...
Compiling module xil_defaultlib.embsys_microblaze_0_1_MB_FDRE_46...
Compiling module xil_defaultlib.embsys_microblaze_0_1_MB_FDRE_46...
Compiling module xil_defaultlib.embsys_microblaze_0_1_MB_FDRE_46...
Compiling module xil_defaultlib.embsys_microblaze_0_1_MB_FDRE_46...
Compiling module xil_defaultlib.embsys_microblaze_0_1_MB_FDRE_46...
Compiling module xil_defaultlib.embsys_microblaze_0_1_MB_FDRE_46...
Compiling module xil_defaultlib.embsys_microblaze_0_1_MB_FDRE_46...
Compiling module xil_defaultlib.embsys_microblaze_0_1_MB_FDRE_47...
Compiling module xil_defaultlib.embsys_microblaze_0_1_MB_FDRE_47...
Compiling module xil_defaultlib.embsys_microblaze_0_1_MB_FDRE_47...
Compiling module xil_defaultlib.embsys_microblaze_0_1_MB_FDRE_47...
Compiling module xil_defaultlib.embsys_microblaze_0_1_MB_FDRE_47...
Compiling module xil_defaultlib.embsys_microblaze_0_1_MB_FDRE_47...
Compiling module xil_defaultlib.embsys_microblaze_0_1_MB_FDRE_47...
Compiling module xil_defaultlib.embsys_microblaze_0_1_MB_FDRE_47...
Compiling module xil_defaultlib.embsys_microblaze_0_1_MB_FDRE_47...
Compiling module xil_defaultlib.embsys_microblaze_0_1_MB_FDRE_47...
Compiling module xil_defaultlib.embsys_microblaze_0_1_MB_FDRE_48...
Compiling module xil_defaultlib.embsys_microblaze_0_1_MB_FDRE_48...
Compiling module xil_defaultlib.embsys_microblaze_0_1_MB_FDRE_48...
Compiling module xil_defaultlib.embsys_microblaze_0_1_MB_FDRE_48...
Compiling module xil_defaultlib.embsys_microblaze_0_1_MB_FDRE_48...
Compiling module xil_defaultlib.embsys_microblaze_0_1_MB_FDRE_48...
Compiling module xil_defaultlib.embsys_microblaze_0_1_MB_FDRE_48...
Compiling module xil_defaultlib.embsys_microblaze_0_1_MB_FDRE_48...
Compiling module xil_defaultlib.embsys_microblaze_0_1_MB_FDRE_48...
Compiling module xil_defaultlib.embsys_microblaze_0_1_MB_FDRE_48...
Compiling module xil_defaultlib.embsys_microblaze_0_1_MB_FDRE_49...
Compiling module xil_defaultlib.embsys_microblaze_0_1_MB_FDRE_49...
Compiling module xil_defaultlib.embsys_microblaze_0_1_MB_FDRE_49...
Compiling module xil_defaultlib.embsys_microblaze_0_1_Data_Flow_...
Compiling module unisims_ver.MUXF7
Compiling module xil_defaultlib.embsys_microblaze_0_1_MB_MUXF7_4...
Compiling module xil_defaultlib.embsys_microblaze_0_1_MB_MUXF7_4...
Compiling module xil_defaultlib.embsys_microblaze_0_1_MB_MUXF7_4...
Compiling module xil_defaultlib.embsys_microblaze_0_1_MB_MUXF7_4...
Compiling module xil_defaultlib.embsys_microblaze_0_1_MB_MUXF7_4...
Compiling module xil_defaultlib.embsys_microblaze_0_1_MB_MUXF7_4...
Compiling module xil_defaultlib.embsys_microblaze_0_1_MB_MUXF7_4...
Compiling module xil_defaultlib.embsys_microblaze_0_1_MB_MUXF7_4...
Compiling module xil_defaultlib.embsys_microblaze_0_1_MB_MUXF7_4...
Compiling module xil_defaultlib.embsys_microblaze_0_1_MB_MUXF7_4...
Compiling module xil_defaultlib.embsys_microblaze_0_1_MB_MUXF7_4...
Compiling module xil_defaultlib.embsys_microblaze_0_1_MB_MUXF7_4...
Compiling module xil_defaultlib.embsys_microblaze_0_1_MB_MUXF7_4...
Compiling module xil_defaultlib.embsys_microblaze_0_1_MB_MUXF7_4...
Compiling module xil_defaultlib.embsys_microblaze_0_1_MB_MUXF7_4...
Compiling module xil_defaultlib.embsys_microblaze_0_1_MB_MUXF7_4...
Compiling module xil_defaultlib.embsys_microblaze_0_1_MB_MUXF7_4...
Compiling module xil_defaultlib.embsys_microblaze_0_1_MB_MUXF7_4...
Compiling module xil_defaultlib.embsys_microblaze_0_1_MB_MUXF7_4...
Compiling module xil_defaultlib.embsys_microblaze_0_1_MB_MUXF7_4...
Compiling module xil_defaultlib.embsys_microblaze_0_1_MB_MUXF7_4...
Compiling module xil_defaultlib.embsys_microblaze_0_1_MB_MUXF7_4...
Compiling module xil_defaultlib.embsys_microblaze_0_1_MB_MUXF7_4...
Compiling module xil_defaultlib.embsys_microblaze_0_1_MB_MUXF7_4...
Compiling module xil_defaultlib.embsys_microblaze_0_1_MB_MUXF7_4...
Compiling module xil_defaultlib.embsys_microblaze_0_1_MB_MUXF7_4...
Compiling module xil_defaultlib.embsys_microblaze_0_1_MB_MUXF7_4...
Compiling module xil_defaultlib.embsys_microblaze_0_1_MB_MUXF7_4...
Compiling module xil_defaultlib.embsys_microblaze_0_1_MB_MUXF7_4...
Compiling module xil_defaultlib.embsys_microblaze_0_1_MB_MUXF7_4...
Compiling module xil_defaultlib.embsys_microblaze_0_1_MB_MUXF7_4...
Compiling module xil_defaultlib.embsys_microblaze_0_1_MB_MUXF7_4...
Compiling module xil_defaultlib.embsys_microblaze_0_1_Operand_Se...
Compiling module xil_defaultlib.embsys_microblaze_0_1_MB_RAM32M
Compiling module xil_defaultlib.embsys_microblaze_0_1_MB_RAM32M_...
Compiling module xil_defaultlib.embsys_microblaze_0_1_MB_RAM32M_...
Compiling module xil_defaultlib.embsys_microblaze_0_1_MB_RAM32M_...
Compiling module xil_defaultlib.embsys_microblaze_0_1_MB_RAM32M_...
Compiling module xil_defaultlib.embsys_microblaze_0_1_MB_RAM32M_...
Compiling module xil_defaultlib.embsys_microblaze_0_1_MB_RAM32M_...
Compiling module xil_defaultlib.embsys_microblaze_0_1_MB_RAM32M_...
Compiling module xil_defaultlib.embsys_microblaze_0_1_MB_RAM32M_...
Compiling module xil_defaultlib.embsys_microblaze_0_1_MB_RAM32M_...
Compiling module xil_defaultlib.embsys_microblaze_0_1_MB_RAM32M_...
Compiling module xil_defaultlib.embsys_microblaze_0_1_MB_RAM32M_...
Compiling module xil_defaultlib.embsys_microblaze_0_1_MB_RAM32M_...
Compiling module xil_defaultlib.embsys_microblaze_0_1_MB_RAM32M_...
Compiling module xil_defaultlib.embsys_microblaze_0_1_MB_RAM32M_...
Compiling module xil_defaultlib.embsys_microblaze_0_1_MB_RAM32M_...
Compiling module xil_defaultlib.embsys_microblaze_0_1_Register_F...
Compiling module xil_defaultlib.embsys_microblaze_0_1_Shift_Logi...
Compiling module xil_defaultlib.embsys_microblaze_0_1_MB_MUXCY_3...
Compiling module xil_defaultlib.embsys_microblaze_0_1_MB_MUXCY_3...
Compiling module unisims_ver.LUT6_2(INIT=64'b0111111110000000...
Compiling module xil_defaultlib.embsys_microblaze_0_1_MB_LUT6_2_...
Compiling module xil_defaultlib.embsys_microblaze_0_1_MB_MUXCY_4...
Compiling module xil_defaultlib.embsys_microblaze_0_1_MB_MUXCY_4...
Compiling module xil_defaultlib.embsys_microblaze_0_1_MB_MUXCY_4...
Compiling module xil_defaultlib.embsys_microblaze_0_1_MB_MUXCY_4...
Compiling module xil_defaultlib.embsys_microblaze_0_1_MB_MUXCY_4...
Compiling module xil_defaultlib.embsys_microblaze_0_1_MB_MUXCY_4...
Compiling module xil_defaultlib.embsys_microblaze_0_1_MB_MUXCY_4...
Compiling module xil_defaultlib.embsys_microblaze_0_1_Zero_Detec...
Compiling module xil_defaultlib.embsys_microblaze_0_1_MB_MUXCY_3...
Compiling module unisims_ver.LUT6_2(INIT=64'b1001011010010110...
Compiling module xil_defaultlib.embsys_microblaze_0_1_MB_LUT6_2_...
Compiling module xil_defaultlib.embsys_microblaze_0_1_MB_MUXCY_X...
Compiling module xil_defaultlib.embsys_microblaze_0_1_MB_FDE
Compiling module xil_defaultlib.embsys_microblaze_0_1_MB_LUT6_2_...
Compiling module xil_defaultlib.embsys_microblaze_0_1_MB_MUXCY_X...
Compiling module xil_defaultlib.embsys_microblaze_0_1_MB_FDE_316
Compiling module xil_defaultlib.embsys_microblaze_0_1_MB_LUT6_2_...
Compiling module xil_defaultlib.embsys_microblaze_0_1_MB_MUXCY_X...
Compiling module xil_defaultlib.embsys_microblaze_0_1_MB_FDE_319
Compiling module xil_defaultlib.embsys_microblaze_0_1_MB_LUT6_2_...
Compiling module xil_defaultlib.embsys_microblaze_0_1_MB_MUXCY_X...
Compiling module xil_defaultlib.embsys_microblaze_0_1_MB_FDE_322
Compiling module xil_defaultlib.embsys_microblaze_0_1_MB_LUT6_2_...
Compiling module xil_defaultlib.embsys_microblaze_0_1_MB_MUXCY_X...
Compiling module xil_defaultlib.embsys_microblaze_0_1_MB_FDE_325
Compiling module xil_defaultlib.embsys_microblaze_0_1_MB_LUT6_2_...
Compiling module xil_defaultlib.embsys_microblaze_0_1_MB_MUXCY_X...
Compiling module xil_defaultlib.embsys_microblaze_0_1_MB_FDE_328
Compiling module xil_defaultlib.embsys_microblaze_0_1_MB_LUT6_2_...
Compiling module xil_defaultlib.embsys_microblaze_0_1_MB_MUXCY_X...
Compiling module xil_defaultlib.embsys_microblaze_0_1_MB_FDE_331
Compiling module xil_defaultlib.embsys_microblaze_0_1_MB_LUT6_2_...
Compiling module xil_defaultlib.embsys_microblaze_0_1_MB_MUXCY_X...
Compiling module xil_defaultlib.embsys_microblaze_0_1_MB_FDE_334
Compiling module xil_defaultlib.embsys_microblaze_0_1_MB_LUT6_2_...
Compiling module xil_defaultlib.embsys_microblaze_0_1_MB_MUXCY_X...
Compiling module xil_defaultlib.embsys_microblaze_0_1_MB_FDE_337
Compiling module xil_defaultlib.embsys_microblaze_0_1_MB_LUT6_2_...
Compiling module xil_defaultlib.embsys_microblaze_0_1_MB_MUXCY_X...
Compiling module xil_defaultlib.embsys_microblaze_0_1_MB_FDE_340
Compiling module xil_defaultlib.embsys_microblaze_0_1_MB_LUT6_2_...
Compiling module xil_defaultlib.embsys_microblaze_0_1_MB_MUXCY_X...
Compiling module xil_defaultlib.embsys_microblaze_0_1_MB_FDE_343
Compiling module xil_defaultlib.embsys_microblaze_0_1_MB_LUT6_2_...
Compiling module xil_defaultlib.embsys_microblaze_0_1_MB_MUXCY_X...
Compiling module xil_defaultlib.embsys_microblaze_0_1_MB_FDE_346
Compiling module xil_defaultlib.embsys_microblaze_0_1_MB_LUT6_2_...
Compiling module xil_defaultlib.embsys_microblaze_0_1_MB_MUXCY_X...
Compiling module xil_defaultlib.embsys_microblaze_0_1_MB_FDE_349
Compiling module xil_defaultlib.embsys_microblaze_0_1_MB_LUT6_2_...
Compiling module xil_defaultlib.embsys_microblaze_0_1_MB_MUXCY_X...
Compiling module xil_defaultlib.embsys_microblaze_0_1_MB_FDE_352
Compiling module xil_defaultlib.embsys_microblaze_0_1_MB_LUT6_2_...
Compiling module xil_defaultlib.embsys_microblaze_0_1_MB_MUXCY_X...
Compiling module xil_defaultlib.embsys_microblaze_0_1_MB_FDE_355
Compiling module xil_defaultlib.embsys_microblaze_0_1_MB_LUT6_2_...
Compiling module xil_defaultlib.embsys_microblaze_0_1_MB_MUXCY_X...
Compiling module xil_defaultlib.embsys_microblaze_0_1_MB_FDE_358
Compiling module xil_defaultlib.embsys_microblaze_0_1_MB_LUT6_2_...
Compiling module xil_defaultlib.embsys_microblaze_0_1_MB_MUXCY_X...
Compiling module xil_defaultlib.embsys_microblaze_0_1_MB_FDE_361
Compiling module xil_defaultlib.embsys_microblaze_0_1_MB_LUT6_2_...
Compiling module xil_defaultlib.embsys_microblaze_0_1_MB_MUXCY_X...
Compiling module xil_defaultlib.embsys_microblaze_0_1_MB_FDE_364
Compiling module xil_defaultlib.embsys_microblaze_0_1_MB_LUT6_2_...
Compiling module xil_defaultlib.embsys_microblaze_0_1_MB_MUXCY_X...
Compiling module xil_defaultlib.embsys_microblaze_0_1_MB_FDE_367
Compiling module xil_defaultlib.embsys_microblaze_0_1_MB_LUT6_2_...
Compiling module xil_defaultlib.embsys_microblaze_0_1_MB_MUXCY_X...
Compiling module xil_defaultlib.embsys_microblaze_0_1_MB_FDE_370
Compiling module xil_defaultlib.embsys_microblaze_0_1_MB_LUT6_2_...
Compiling module xil_defaultlib.embsys_microblaze_0_1_MB_MUXCY_X...
Compiling module xil_defaultlib.embsys_microblaze_0_1_MB_FDE_373
Compiling module xil_defaultlib.embsys_microblaze_0_1_MB_LUT6_2_...
Compiling module xil_defaultlib.embsys_microblaze_0_1_MB_MUXCY_X...
Compiling module xil_defaultlib.embsys_microblaze_0_1_MB_FDE_376
Compiling module xil_defaultlib.embsys_microblaze_0_1_MB_LUT6_2_...
Compiling module xil_defaultlib.embsys_microblaze_0_1_MB_MUXCY_X...
Compiling module xil_defaultlib.embsys_microblaze_0_1_MB_FDE_379
Compiling module xil_defaultlib.embsys_microblaze_0_1_MB_LUT6_2_...
Compiling module xil_defaultlib.embsys_microblaze_0_1_MB_MUXCY_X...
Compiling module xil_defaultlib.embsys_microblaze_0_1_MB_FDE_382
Compiling module xil_defaultlib.embsys_microblaze_0_1_MB_LUT6_2_...
Compiling module xil_defaultlib.embsys_microblaze_0_1_MB_MUXCY_X...
Compiling module xil_defaultlib.embsys_microblaze_0_1_MB_FDE_385
Compiling module xil_defaultlib.embsys_microblaze_0_1_MB_LUT6_2_...
Compiling module xil_defaultlib.embsys_microblaze_0_1_MB_MUXCY_X...
Compiling module xil_defaultlib.embsys_microblaze_0_1_MB_FDE_388
Compiling module xil_defaultlib.embsys_microblaze_0_1_MB_LUT6_2_...
Compiling module xil_defaultlib.embsys_microblaze_0_1_MB_MUXCY_X...
Compiling module xil_defaultlib.embsys_microblaze_0_1_MB_FDE_391
Compiling module xil_defaultlib.embsys_microblaze_0_1_MB_LUT6_2_...
Compiling module xil_defaultlib.embsys_microblaze_0_1_MB_MUXCY_X...
Compiling module xil_defaultlib.embsys_microblaze_0_1_MB_FDE_394
Compiling module xil_defaultlib.embsys_microblaze_0_1_MB_LUT6_2_...
Compiling module xil_defaultlib.embsys_microblaze_0_1_MB_MUXCY_X...
Compiling module xil_defaultlib.embsys_microblaze_0_1_MB_FDE_397
Compiling module xil_defaultlib.embsys_microblaze_0_1_MB_LUT6_2_...
Compiling module xil_defaultlib.embsys_microblaze_0_1_MB_MUXCY_X...
Compiling module xil_defaultlib.embsys_microblaze_0_1_MB_FDE_400
Compiling module xil_defaultlib.embsys_microblaze_0_1_MB_LUT6_2_...
Compiling module xil_defaultlib.embsys_microblaze_0_1_MB_MUXCY_X...
Compiling module xil_defaultlib.embsys_microblaze_0_1_MB_FDE_403
Compiling module xil_defaultlib.embsys_microblaze_0_1_MB_LUT6_2_...
Compiling module xil_defaultlib.embsys_microblaze_0_1_MB_MUXCY_X...
Compiling module xil_defaultlib.embsys_microblaze_0_1_MB_FDE_406
Compiling module xil_defaultlib.embsys_microblaze_0_1_exception_...
Compiling module xil_defaultlib.embsys_microblaze_0_1_MB_FDR_304
Compiling module xil_defaultlib.embsys_microblaze_0_1_MB_FDR_305
Compiling module xil_defaultlib.embsys_microblaze_0_1_MB_FDR_306
Compiling module xil_defaultlib.embsys_microblaze_0_1_MB_FDR_307
Compiling module xil_defaultlib.embsys_microblaze_0_1_MB_FDR_308
Compiling module xil_defaultlib.embsys_microblaze_0_1_MB_FDR_309
Compiling module xil_defaultlib.embsys_microblaze_0_1_MB_FDR_310
Compiling module xil_defaultlib.embsys_microblaze_0_1_MB_FDR_311
Compiling module xil_defaultlib.embsys_microblaze_0_1_msr_reg_gt...
Compiling module xil_defaultlib.embsys_microblaze_0_1_Data_Flow_...
Compiling module xil_defaultlib.embsys_microblaze_0_1_MB_FDR_209
Compiling module xil_defaultlib.embsys_microblaze_0_1_MB_MUXF7_2...
Compiling module xil_defaultlib.embsys_microblaze_0_1_MB_FDR_211
Compiling module xil_defaultlib.embsys_microblaze_0_1_MB_MUXF7_2...
Compiling module xil_defaultlib.embsys_microblaze_0_1_MB_FDR_213
Compiling module xil_defaultlib.embsys_microblaze_0_1_MB_MUXF7_2...
Compiling module xil_defaultlib.embsys_microblaze_0_1_MB_FDR_215
Compiling module xil_defaultlib.embsys_microblaze_0_1_MB_MUXF7_2...
Compiling module xil_defaultlib.embsys_microblaze_0_1_MB_FDR_217
Compiling module xil_defaultlib.embsys_microblaze_0_1_MB_MUXF7_2...
Compiling module xil_defaultlib.embsys_microblaze_0_1_MB_FDR_219
Compiling module xil_defaultlib.embsys_microblaze_0_1_MB_MUXF7_2...
Compiling module xil_defaultlib.embsys_microblaze_0_1_MB_FDR_221
Compiling module xil_defaultlib.embsys_microblaze_0_1_MB_MUXF7_2...
Compiling module xil_defaultlib.embsys_microblaze_0_1_MB_FDR_223
Compiling module xil_defaultlib.embsys_microblaze_0_1_MB_MUXF7_2...
Compiling module xil_defaultlib.embsys_microblaze_0_1_MB_FDR_225
Compiling module xil_defaultlib.embsys_microblaze_0_1_MB_MUXF7_2...
Compiling module xil_defaultlib.embsys_microblaze_0_1_MB_FDR_227
Compiling module xil_defaultlib.embsys_microblaze_0_1_MB_MUXF7_2...
Compiling module xil_defaultlib.embsys_microblaze_0_1_MB_FDR_229
Compiling module xil_defaultlib.embsys_microblaze_0_1_MB_MUXF7_2...
Compiling module xil_defaultlib.embsys_microblaze_0_1_MB_FDR_231
Compiling module xil_defaultlib.embsys_microblaze_0_1_MB_MUXF7_2...
Compiling module xil_defaultlib.embsys_microblaze_0_1_MB_FDR_233
Compiling module xil_defaultlib.embsys_microblaze_0_1_MB_MUXF7_2...
Compiling module xil_defaultlib.embsys_microblaze_0_1_MB_FDR_235
Compiling module xil_defaultlib.embsys_microblaze_0_1_MB_MUXF7_2...
Compiling module xil_defaultlib.embsys_microblaze_0_1_MB_FDR_237
Compiling module xil_defaultlib.embsys_microblaze_0_1_MB_MUXF7_2...
Compiling module xil_defaultlib.embsys_microblaze_0_1_MB_FDR_239
Compiling module xil_defaultlib.embsys_microblaze_0_1_MB_MUXF7_2...
Compiling module xil_defaultlib.embsys_microblaze_0_1_MB_FDR_241
Compiling module xil_defaultlib.embsys_microblaze_0_1_MB_MUXF7_2...
Compiling module xil_defaultlib.embsys_microblaze_0_1_MB_FDR_243
Compiling module xil_defaultlib.embsys_microblaze_0_1_MB_MUXF7_2...
Compiling module xil_defaultlib.embsys_microblaze_0_1_MB_FDR_245
Compiling module xil_defaultlib.embsys_microblaze_0_1_MB_MUXF7_2...
Compiling module xil_defaultlib.embsys_microblaze_0_1_MB_FDR_247
Compiling module xil_defaultlib.embsys_microblaze_0_1_MB_MUXF7_2...
Compiling module xil_defaultlib.embsys_microblaze_0_1_MB_FDR_249
Compiling module xil_defaultlib.embsys_microblaze_0_1_MB_MUXF7_2...
Compiling module xil_defaultlib.embsys_microblaze_0_1_MB_FDR_251
Compiling module xil_defaultlib.embsys_microblaze_0_1_MB_MUXF7_2...
Compiling module xil_defaultlib.embsys_microblaze_0_1_MB_FDR_253
Compiling module xil_defaultlib.embsys_microblaze_0_1_MB_MUXF7_2...
Compiling module xil_defaultlib.embsys_microblaze_0_1_MB_FDR_255
Compiling module xil_defaultlib.embsys_microblaze_0_1_MB_MUXF7_2...
Compiling module xil_defaultlib.embsys_microblaze_0_1_MB_FDR_257
Compiling module xil_defaultlib.embsys_microblaze_0_1_MB_MUXF7_2...
Compiling module xil_defaultlib.embsys_microblaze_0_1_MB_FDR_259
Compiling module xil_defaultlib.embsys_microblaze_0_1_MB_MUXF7_2...
Compiling module xil_defaultlib.embsys_microblaze_0_1_MB_FDR_261
Compiling module xil_defaultlib.embsys_microblaze_0_1_MB_MUXF7_2...
Compiling module xil_defaultlib.embsys_microblaze_0_1_MB_FDR_263
Compiling module xil_defaultlib.embsys_microblaze_0_1_MB_MUXF7_2...
Compiling module xil_defaultlib.embsys_microblaze_0_1_MB_FDR_265
Compiling module xil_defaultlib.embsys_microblaze_0_1_MB_MUXF7_2...
Compiling module xil_defaultlib.embsys_microblaze_0_1_MB_FDR_267
Compiling module xil_defaultlib.embsys_microblaze_0_1_MB_MUXF7_2...
Compiling module xil_defaultlib.embsys_microblaze_0_1_MB_FDR_269
Compiling module xil_defaultlib.embsys_microblaze_0_1_MB_MUXF7_2...
Compiling module xil_defaultlib.embsys_microblaze_0_1_MB_FDR_271
Compiling module xil_defaultlib.embsys_microblaze_0_1_MB_MUXF7_2...
Compiling module xil_defaultlib.embsys_microblaze_0_1_MB_MUXCY_X...
Compiling module xil_defaultlib.embsys_microblaze_0_1_MB_MUXCY_X...
Compiling module xil_defaultlib.embsys_microblaze_0_1_MB_MUXCY_X...
Compiling module xil_defaultlib.embsys_microblaze_0_1_MB_MUXCY_X...
Compiling module xil_defaultlib.embsys_microblaze_0_1_MB_MUXCY_X...
Compiling module xil_defaultlib.embsys_microblaze_0_1_MB_MUXCY_X...
Compiling module xil_defaultlib.embsys_microblaze_0_1_MB_MUXCY_X...
Compiling module xil_defaultlib.embsys_microblaze_0_1_MB_MUXCY_X...
Compiling module xil_defaultlib.embsys_microblaze_0_1_MB_MUXCY_X...
Compiling module xil_defaultlib.embsys_microblaze_0_1_MB_MUXCY_X...
Compiling module xil_defaultlib.embsys_microblaze_0_1_MB_MUXCY_X...
Compiling module xil_defaultlib.embsys_microblaze_0_1_MB_MUXCY_X...
Compiling module xil_defaultlib.embsys_microblaze_0_1_MB_MUXCY_X...
Compiling module xil_defaultlib.embsys_microblaze_0_1_MB_MUXCY_X...
Compiling module xil_defaultlib.embsys_microblaze_0_1_MB_MUXCY_X...
Compiling module xil_defaultlib.embsys_microblaze_0_1_MB_MUXCY_X...
Compiling module xil_defaultlib.embsys_microblaze_0_1_MB_MUXCY_X...
Compiling module xil_defaultlib.embsys_microblaze_0_1_MB_MUXCY_X...
Compiling module xil_defaultlib.embsys_microblaze_0_1_MB_MUXCY_X...
Compiling module xil_defaultlib.embsys_microblaze_0_1_MB_MUXCY_X...
Compiling module xil_defaultlib.embsys_microblaze_0_1_MB_MUXCY_X...
Compiling module xil_defaultlib.embsys_microblaze_0_1_MB_MUXCY_X...
Compiling module xil_defaultlib.embsys_microblaze_0_1_MB_MUXCY_X...
Compiling module xil_defaultlib.embsys_microblaze_0_1_MB_MUXCY_X...
Compiling module xil_defaultlib.embsys_microblaze_0_1_MB_MUXCY_X...
Compiling module xil_defaultlib.embsys_microblaze_0_1_MB_MUXCY_X...
Compiling module xil_defaultlib.embsys_microblaze_0_1_MB_MUXCY_X...
Compiling module xil_defaultlib.embsys_microblaze_0_1_MB_MUXCY_X...
Compiling module xil_defaultlib.embsys_microblaze_0_1_MB_MUXCY_X...
Compiling module xil_defaultlib.embsys_microblaze_0_1_MB_MUXCY_X...
Compiling module xil_defaultlib.embsys_microblaze_0_1_PC_Module_...
Compiling module xil_defaultlib.embsys_microblaze_0_1_MB_FDR_115
Compiling module xil_defaultlib.embsys_microblaze_0_1_MB_LUT6
Compiling module xil_defaultlib.embsys_microblaze_0_1_MB_FDR_116
Compiling module xil_defaultlib.embsys_microblaze_0_1_MB_LUT6_11...
Compiling module xil_defaultlib.embsys_microblaze_0_1_MB_FDR_118
Compiling module xil_defaultlib.embsys_microblaze_0_1_MB_LUT6_11...
Compiling module xil_defaultlib.embsys_microblaze_0_1_MB_FDR_120
Compiling module xil_defaultlib.embsys_microblaze_0_1_MB_LUT6_12...
Compiling module xil_defaultlib.embsys_microblaze_0_1_MB_LUT6__p...
Compiling module xil_defaultlib.embsys_microblaze_0_1_MB_MUXF7
Compiling module xil_defaultlib.embsys_microblaze_0_1_MB_FDR_122
Compiling module xil_defaultlib.embsys_microblaze_0_1_MB_MUXF7_1...
Compiling module xil_defaultlib.embsys_microblaze_0_1_MB_FDR_124
Compiling module xil_defaultlib.embsys_microblaze_0_1_MB_MUXF7_1...
Compiling module xil_defaultlib.embsys_microblaze_0_1_MB_FDR_126
Compiling module xil_defaultlib.embsys_microblaze_0_1_MB_MUXF7_1...
Compiling module xil_defaultlib.embsys_microblaze_0_1_MB_FDR_128
Compiling module xil_defaultlib.embsys_microblaze_0_1_MB_MUXF7_1...
Compiling module xil_defaultlib.embsys_microblaze_0_1_MB_FDR_130
Compiling module xil_defaultlib.embsys_microblaze_0_1_MB_MUXF7_1...
Compiling module xil_defaultlib.embsys_microblaze_0_1_MB_FDR_132
Compiling module xil_defaultlib.embsys_microblaze_0_1_MB_MUXF7_1...
Compiling module xil_defaultlib.embsys_microblaze_0_1_MB_FDR_134
Compiling module xil_defaultlib.embsys_microblaze_0_1_MB_MUXF7_1...
Compiling module xil_defaultlib.embsys_microblaze_0_1_MB_FDR_136
Compiling module xil_defaultlib.embsys_microblaze_0_1_MB_MUXF7_1...
Compiling module xil_defaultlib.embsys_microblaze_0_1_MB_FDR_138
Compiling module xil_defaultlib.embsys_microblaze_0_1_MB_MUXF7_1...
Compiling module xil_defaultlib.embsys_microblaze_0_1_MB_FDR_140
Compiling module xil_defaultlib.embsys_microblaze_0_1_MB_MUXF7_1...
Compiling module xil_defaultlib.embsys_microblaze_0_1_MB_FDR_142
Compiling module xil_defaultlib.embsys_microblaze_0_1_MB_MUXF7_1...
Compiling module xil_defaultlib.embsys_microblaze_0_1_MB_FDR_144
Compiling module xil_defaultlib.embsys_microblaze_0_1_MB_MUXF7_1...
Compiling module xil_defaultlib.embsys_microblaze_0_1_MB_FDR_146
Compiling module xil_defaultlib.embsys_microblaze_0_1_MB_MUXF7_1...
Compiling module xil_defaultlib.embsys_microblaze_0_1_MB_FDR_148
Compiling module xil_defaultlib.embsys_microblaze_0_1_MB_MUXF7_1...
Compiling module xil_defaultlib.embsys_microblaze_0_1_MB_FDR_150
Compiling module xil_defaultlib.embsys_microblaze_0_1_MB_MUXF7_1...
Compiling module xil_defaultlib.embsys_microblaze_0_1_MB_FDR_152
Compiling module xil_defaultlib.embsys_microblaze_0_1_MB_MUXF7_1...
Compiling module xil_defaultlib.embsys_microblaze_0_1_MB_FDR_154
Compiling module xil_defaultlib.embsys_microblaze_0_1_MB_MUXF7_1...
Compiling module xil_defaultlib.embsys_microblaze_0_1_MB_FDR_156
Compiling module xil_defaultlib.embsys_microblaze_0_1_MB_MUXF7_1...
Compiling module xil_defaultlib.embsys_microblaze_0_1_MB_FDR_158
Compiling module xil_defaultlib.embsys_microblaze_0_1_MB_MUXF7_1...
Compiling module xil_defaultlib.embsys_microblaze_0_1_MB_FDR_160
Compiling module xil_defaultlib.embsys_microblaze_0_1_MB_MUXF7_1...
Compiling module xil_defaultlib.embsys_microblaze_0_1_MB_FDR_162
Compiling module xil_defaultlib.embsys_microblaze_0_1_MB_MUXF7_1...
Compiling module xil_defaultlib.embsys_microblaze_0_1_MB_FDR_164
Compiling module xil_defaultlib.embsys_microblaze_0_1_MB_MUXF7_1...
Compiling module xil_defaultlib.embsys_microblaze_0_1_MB_FDR_166
Compiling module xil_defaultlib.embsys_microblaze_0_1_MB_MUXF7_1...
Compiling module xil_defaultlib.embsys_microblaze_0_1_MB_FDR_168
Compiling module xil_defaultlib.embsys_microblaze_0_1_MB_MUXF7_1...
Compiling module xil_defaultlib.embsys_microblaze_0_1_MB_FDR_170
Compiling module xil_defaultlib.embsys_microblaze_0_1_MB_MUXF7_1...
Compiling module xil_defaultlib.embsys_microblaze_0_1_MB_FDR_172
Compiling module xil_defaultlib.embsys_microblaze_0_1_MB_MUXF7_1...
Compiling module xil_defaultlib.embsys_microblaze_0_1_MB_FDR_174
Compiling module xil_defaultlib.embsys_microblaze_0_1_MB_MUXF7_1...
Compiling module xil_defaultlib.embsys_microblaze_0_1_MB_FDR_176
Compiling module xil_defaultlib.embsys_microblaze_0_1_MB_MUXF7_1...
Compiling module xil_defaultlib.embsys_microblaze_0_1_MB_FDR_178
Compiling module xil_defaultlib.embsys_microblaze_0_1_MB_MUXF7_1...
Compiling module xil_defaultlib.embsys_microblaze_0_1_MB_FDR_180
Compiling module xil_defaultlib.embsys_microblaze_0_1_MB_MUXF7_1...
Compiling module xil_defaultlib.embsys_microblaze_0_1_MB_FDR_182
Compiling module xil_defaultlib.embsys_microblaze_0_1_MB_MUXF7_1...
Compiling module xil_defaultlib.embsys_microblaze_0_1_MB_FDR_184
Compiling module xil_defaultlib.embsys_microblaze_0_1_MB_MUXF7_1...
Compiling module xil_defaultlib.embsys_microblaze_0_1_MB_FDR_186
Compiling module xil_defaultlib.embsys_microblaze_0_1_MB_MUXF7_1...
Compiling module xil_defaultlib.embsys_microblaze_0_1_MB_FDR_188
Compiling module xil_defaultlib.embsys_microblaze_0_1_MB_MUXF7_1...
Compiling module xil_defaultlib.embsys_microblaze_0_1_MB_FDR_190
Compiling module xil_defaultlib.embsys_microblaze_0_1_MB_MUXF7_1...
Compiling module xil_defaultlib.embsys_microblaze_0_1_MB_FDR_192
Compiling module xil_defaultlib.embsys_microblaze_0_1_MB_MUXF7_1...
Compiling module xil_defaultlib.embsys_microblaze_0_1_MB_FDR_194
Compiling module xil_defaultlib.embsys_microblaze_0_1_MB_MUXF7_1...
Compiling module xil_defaultlib.embsys_microblaze_0_1_MB_FDR_196
Compiling module xil_defaultlib.embsys_microblaze_0_1_MB_MUXF7_1...
Compiling module xil_defaultlib.embsys_microblaze_0_1_MB_FDR_198
Compiling module xil_defaultlib.embsys_microblaze_0_1_MB_MUXF7_1...
Compiling module xil_defaultlib.embsys_microblaze_0_1_MB_FDR_200
Compiling module xil_defaultlib.embsys_microblaze_0_1_MB_MUXF7_2...
Compiling module xil_defaultlib.embsys_microblaze_0_1_MB_FDR_202
Compiling module xil_defaultlib.embsys_microblaze_0_1_MB_MUXF7_2...
Compiling module xil_defaultlib.embsys_microblaze_0_1_MB_FDR_204
Compiling module xil_defaultlib.embsys_microblaze_0_1_MB_MUXF7_2...
Compiling module xil_defaultlib.embsys_microblaze_0_1_MB_FDR_206
Compiling module xil_defaultlib.embsys_microblaze_0_1_MB_MUXF7_2...
Compiling module xil_defaultlib.embsys_microblaze_0_1_MB_FDS
Compiling module xil_defaultlib.embsys_microblaze_0_1_MB_LUT6__p...
Compiling module xil_defaultlib.embsys_microblaze_0_1_MB_LUT6__p...
Compiling module xil_defaultlib.embsys_microblaze_0_1_MB_FDR_208
Compiling module xil_defaultlib.embsys_microblaze_0_1_PreFetch_B...
Compiling module xil_defaultlib.embsys_microblaze_0_1_MB_MUXCY_1...
Compiling module xil_defaultlib.embsys_microblaze_0_1_carry_and
Compiling module xil_defaultlib.embsys_microblaze_0_1_MB_MUXCY_1...
Compiling module xil_defaultlib.embsys_microblaze_0_1_carry_and_...
Compiling module xil_defaultlib.embsys_microblaze_0_1_MB_MUXCY_1...
Compiling module xil_defaultlib.embsys_microblaze_0_1_carry_and_...
Compiling module xil_defaultlib.embsys_microblaze_0_1_MB_MUXCY_1...
Compiling module xil_defaultlib.embsys_microblaze_0_1_carry_and_...
Compiling module xil_defaultlib.embsys_microblaze_0_1_MB_MUXCY_1...
Compiling module xil_defaultlib.embsys_microblaze_0_1_carry_and_...
Compiling module xil_defaultlib.embsys_microblaze_0_1_MB_MUXCY_1...
Compiling module xil_defaultlib.embsys_microblaze_0_1_carry_and_...
Compiling module xil_defaultlib.embsys_microblaze_0_1_MB_MUXCY_1...
Compiling module xil_defaultlib.embsys_microblaze_0_1_carry_and_...
Compiling module xil_defaultlib.embsys_microblaze_0_1_MB_MUXCY_1...
Compiling module xil_defaultlib.embsys_microblaze_0_1_carry_and_...
Compiling module xil_defaultlib.embsys_microblaze_0_1_MB_MUXCY_1...
Compiling module xil_defaultlib.embsys_microblaze_0_1_carry_and_...
Compiling module xil_defaultlib.embsys_microblaze_0_1_MB_MUXCY_1...
Compiling module xil_defaultlib.embsys_microblaze_0_1_carry_and_...
Compiling module xil_defaultlib.embsys_microblaze_0_1_MB_MUXCY_1...
Compiling module xil_defaultlib.embsys_microblaze_0_1_carry_and_...
Compiling module xil_defaultlib.embsys_microblaze_0_1_MB_FDRE
Compiling module xil_defaultlib.embsys_microblaze_0_1_MB_FDRE_68
Compiling module xil_defaultlib.embsys_microblaze_0_1_MB_FDRE_69
Compiling module xil_defaultlib.embsys_microblaze_0_1_MB_FDRE_70
Compiling module xil_defaultlib.embsys_microblaze_0_1_MB_FDRE_71
Compiling module xil_defaultlib.embsys_microblaze_0_1_MB_FDRE_72
Compiling module xil_defaultlib.embsys_microblaze_0_1_MB_FDRE_73
Compiling module xil_defaultlib.embsys_microblaze_0_1_MB_FDRE_74
Compiling module xil_defaultlib.embsys_microblaze_0_1_MB_FDRE_75
Compiling module xil_defaultlib.embsys_microblaze_0_1_MB_FDRE_76
Compiling module xil_defaultlib.embsys_microblaze_0_1_MB_FDRE_77
Compiling module xil_defaultlib.embsys_microblaze_0_1_MB_FDR
Compiling module xil_defaultlib.embsys_microblaze_0_1_MB_LUT6__p...
Compiling module xil_defaultlib.embsys_microblaze_0_1_MB_LUT6__p...
Compiling module xil_defaultlib.embsys_microblaze_0_1_MB_LUT6__p...
Compiling module xil_defaultlib.embsys_microblaze_0_1_MB_LUT6__p...
Compiling module xil_defaultlib.embsys_microblaze_0_1_MB_LUT6__p...
Compiling module xil_defaultlib.embsys_microblaze_0_1_MB_LUT6__p...
Compiling module xil_defaultlib.embsys_microblaze_0_1_MB_LUT6__p...
Compiling module xil_defaultlib.embsys_microblaze_0_1_MB_LUT6__p...
Compiling module xil_defaultlib.embsys_microblaze_0_1_MB_LUT6__p...
Compiling module xil_defaultlib.embsys_microblaze_0_1_MB_LUT6__p...
Compiling module xil_defaultlib.embsys_microblaze_0_1_MB_LUT6__p...
Compiling module xil_defaultlib.embsys_microblaze_0_1_MB_LUT6__p...
Compiling module xil_defaultlib.embsys_microblaze_0_1_MB_MUXCY_1...
Compiling module xil_defaultlib.embsys_microblaze_0_1_carry_and_...
Compiling module xil_defaultlib.embsys_microblaze_0_1_MB_MUXCY_1...
Compiling module xil_defaultlib.embsys_microblaze_0_1_carry_and_...
Compiling module xil_defaultlib.embsys_microblaze_0_1_MB_MUXCY_1...
Compiling module xil_defaultlib.embsys_microblaze_0_1_carry_and_...
Compiling module xil_defaultlib.embsys_microblaze_0_1_MB_MUXCY_9...
Compiling module xil_defaultlib.embsys_microblaze_0_1_MB_MUXCY_9...
Compiling module xil_defaultlib.embsys_microblaze_0_1_MB_MUXCY_9...
Compiling module xil_defaultlib.embsys_microblaze_0_1_MB_MUXCY_9...
Compiling module xil_defaultlib.embsys_microblaze_0_1_MB_MUXCY_9...
Compiling module xil_defaultlib.embsys_microblaze_0_1_MB_MUXCY_1...
Compiling module xil_defaultlib.embsys_microblaze_0_1_jump_logic
Compiling module xil_defaultlib.embsys_microblaze_0_1_MB_MUXCY_9...
Compiling module xil_defaultlib.embsys_microblaze_0_1_carry_and_...
Compiling module xil_defaultlib.embsys_microblaze_0_1_MB_MUXCY_9...
Compiling module xil_defaultlib.embsys_microblaze_0_1_carry_or_9...
Compiling module xil_defaultlib.embsys_microblaze_0_1_Decode_gti
Compiling module xil_defaultlib.embsys_microblaze_0_1_DAXI_inter...
Compiling module unisims_ver.AND2B1L
Compiling module xil_defaultlib.embsys_microblaze_0_1_MB_AND2B1L
Compiling module xil_defaultlib.embsys_microblaze_0_1_MB_SRL16E
Compiling module xil_defaultlib.embsys_microblaze_0_1_MB_SRL16E_...
Compiling module xil_defaultlib.embsys_microblaze_0_1_MB_SRL16E_...
Compiling module xil_defaultlib.embsys_microblaze_0_1_MB_SRL16E_...
Compiling module xil_defaultlib.embsys_microblaze_0_1_MB_SRL16E_...
Compiling module xil_defaultlib.embsys_microblaze_0_1_MB_SRL16E_...
Compiling module xil_defaultlib.embsys_microblaze_0_1_MB_SRL16E_...
Compiling module xil_defaultlib.embsys_microblaze_0_1_MB_SRL16E_...
Compiling module xil_defaultlib.embsys_microblaze_0_1_MB_SRL16E_...
Compiling module xil_defaultlib.embsys_microblaze_0_1_MB_SRL16E_...
Compiling module xil_defaultlib.embsys_microblaze_0_1_MB_SRL16E_...
Compiling module xil_defaultlib.embsys_microblaze_0_1_MB_SRL16E_...
Compiling module xil_defaultlib.embsys_microblaze_0_1_MB_SRL16E_...
Compiling module xil_defaultlib.embsys_microblaze_0_1_MB_SRL16E_...
Compiling module xil_defaultlib.embsys_microblaze_0_1_mb_sync_bi...
Compiling module xil_defaultlib.embsys_microblaze_0_1_mb_sync_bi...
Compiling module xil_defaultlib.embsys_microblaze_0_1_mb_sync_ve...
Compiling module xil_defaultlib.embsys_microblaze_0_1_mb_sync_bi...
Compiling module xil_defaultlib.embsys_microblaze_0_1_mb_sync_bi...
Compiling module xil_defaultlib.embsys_microblaze_0_1_mb_sync_bi...
Compiling module xil_defaultlib.embsys_microblaze_0_1_mb_sync_bi...
Compiling module xil_defaultlib.embsys_microblaze_0_1_mb_sync_bi...
Compiling module xil_defaultlib.embsys_microblaze_0_1_mb_sync_bi...
Compiling module xil_defaultlib.embsys_microblaze_0_1_mb_sync_bi...
Compiling module xil_defaultlib.embsys_microblaze_0_1_mb_sync_bi...
Compiling module xil_defaultlib.embsys_microblaze_0_1_mb_sync_bi...
Compiling module xil_defaultlib.embsys_microblaze_0_1_mb_sync_bi...
Compiling module xil_defaultlib.embsys_microblaze_0_1_mb_sync_bi...
Compiling module xil_defaultlib.embsys_microblaze_0_1_mb_sync_bi...
Compiling module xil_defaultlib.embsys_microblaze_0_1_mb_sync_bi...
Compiling module xil_defaultlib.embsys_microblaze_0_1_mb_sync_ve...
Compiling module xil_defaultlib.embsys_microblaze_0_1_mb_sync_bi...
Compiling module xil_defaultlib.embsys_microblaze_0_1_mb_sync_bi...
Compiling module xil_defaultlib.embsys_microblaze_0_1_MB_MUXCY_3...
Compiling module unisims_ver.SRLC16E_default
Compiling module xil_defaultlib.embsys_microblaze_0_1_MB_SRLC16E
Compiling module xil_defaultlib.embsys_microblaze_0_1_MB_MUXCY_3...
Compiling module xil_defaultlib.embsys_microblaze_0_1_MB_SRLC16E...
Compiling module xil_defaultlib.embsys_microblaze_0_1_MB_MUXCY_3...
Compiling module xil_defaultlib.embsys_microblaze_0_1_MB_SRLC16E...
Compiling module xil_defaultlib.embsys_microblaze_0_1_MB_MUXCY_3...
Compiling module xil_defaultlib.embsys_microblaze_0_1_MB_SRLC16E...
Compiling module xil_defaultlib.embsys_microblaze_0_1_MB_MUXCY_3...
Compiling module xil_defaultlib.embsys_microblaze_0_1_MB_SRLC16E...
Compiling module xil_defaultlib.embsys_microblaze_0_1_MB_MUXCY_4...
Compiling module xil_defaultlib.embsys_microblaze_0_1_MB_SRLC16E...
Compiling module xil_defaultlib.embsys_microblaze_0_1_MB_MUXCY_4...
Compiling module xil_defaultlib.embsys_microblaze_0_1_MB_SRLC16E...
Compiling module xil_defaultlib.embsys_microblaze_0_1_MB_MUXCY_4...
Compiling module xil_defaultlib.embsys_microblaze_0_1_MB_SRLC16E...
Compiling module xil_defaultlib.embsys_microblaze_0_1_MB_MUXCY_4...
Compiling module xil_defaultlib.embsys_microblaze_0_1_address_hi...
Compiling module xil_defaultlib.embsys_microblaze_0_1_mb_sync_bi...
Compiling module xil_defaultlib.embsys_microblaze_0_1_mb_sync_bi...
Compiling module xil_defaultlib.embsys_microblaze_0_1_Debug
Compiling module unisims_ver.LUT6_2(INIT=64'b1111111100000000...
Compiling module xil_defaultlib.embsys_microblaze_0_1_MB_LUT6_2_...
Compiling module xil_defaultlib.embsys_microblaze_0_1_MB_LUT6_2_...
Compiling module xil_defaultlib.embsys_microblaze_0_1_MB_LUT6_2_...
Compiling module xil_defaultlib.embsys_microblaze_0_1_MB_LUT6_2_...
Compiling module xil_defaultlib.embsys_microblaze_0_1_MB_LUT6_2_...
Compiling module xil_defaultlib.embsys_microblaze_0_1_MB_LUT6_2_...
Compiling module xil_defaultlib.embsys_microblaze_0_1_MB_LUT6_2_...
Compiling module xil_defaultlib.embsys_microblaze_0_1_MB_LUT6_2_...
Compiling module xil_defaultlib.embsys_microblaze_0_1_MB_LUT6_2_...
Compiling module xil_defaultlib.embsys_microblaze_0_1_MB_LUT6_2_...
Compiling module xil_defaultlib.embsys_microblaze_0_1_MB_LUT6_2_...
Compiling module xil_defaultlib.embsys_microblaze_0_1_MB_LUT6_2_...
Compiling module xil_defaultlib.embsys_microblaze_0_1_MB_LUT6_2_...
Compiling module xil_defaultlib.embsys_microblaze_0_1_MB_LUT6_2_...
Compiling module xil_defaultlib.embsys_microblaze_0_1_MB_LUT6_2_...
Compiling module xil_defaultlib.embsys_microblaze_0_1_MB_LUT6_2_...
Compiling module xil_defaultlib.embsys_microblaze_0_1_mux_bus
Compiling module xil_defaultlib.embsys_microblaze_0_1_instr_mux
Compiling module xil_defaultlib.embsys_microblaze_0_1_MB_MUXCY
Compiling module xil_defaultlib.embsys_microblaze_0_1_carry_or
Compiling module xil_defaultlib.embsys_microblaze_0_1_MicroBlaze...
Compiling module xil_defaultlib.embsys_microblaze_0_1_mb_sync_bi...
Compiling module xil_defaultlib.embsys_microblaze_0_1_mb_sync_bi...
Compiling module xil_defaultlib.embsys_microblaze_0_1_mb_sync_bi...
Compiling module xil_defaultlib.embsys_microblaze_0_1_MicroBlaze...
Compiling module xil_defaultlib.embsys_microblaze_0_1_MicroBlaze
Compiling module xil_defaultlib.embsys_microblaze_0_1
Compiling module xil_defaultlib.embsys_microblaze_0_axi_intc_1_a...
Compiling module xil_defaultlib.embsys_microblaze_0_axi_intc_1_s...
Compiling module xil_defaultlib.embsys_microblaze_0_axi_intc_1_a...
Compiling module unisims_ver.RAM32X1D
Compiling module xil_defaultlib.embsys_microblaze_0_axi_intc_1_s...
Compiling module xil_defaultlib.embsys_microblaze_0_axi_intc_1_i...
Compiling module xil_defaultlib.embsys_microblaze_0_axi_intc_1_a...
Compiling module xil_defaultlib.embsys_microblaze_0_axi_intc_1
Compiling module xil_defaultlib.embsys_xbar_1_axi_crossbar_v2_1_...
Compiling module xil_defaultlib.embsys_xbar_1_axi_crossbar_v2_1_...
Compiling module xil_defaultlib.embsys_xbar_1_axi_register_slice...
Compiling module xil_defaultlib.embsys_xbar_1_axi_crossbar_v2_1_...
Compiling module xil_defaultlib.embsys_xbar_1_axi_crossbar_v2_1_...
Compiling module xil_defaultlib.embsys_xbar_1_axi_crossbar_v2_1_...
Compiling module xil_defaultlib.embsys_xbar_1_axi_crossbar_v2_1_...
Compiling module xil_defaultlib.embsys_xbar_1
Compiling module xil_defaultlib.embsys_microblaze_0_axi_periph_1
Compiling module xil_defaultlib.embsys_dlmb_bram_if_cntlr_1_lmb_...
Compiling module xil_defaultlib.embsys_dlmb_bram_if_cntlr_1
Compiling module xil_defaultlib.embsys_dlmb_v10_1_lmb_v10
Compiling module xil_defaultlib.embsys_dlmb_v10_1
Compiling module xil_defaultlib.embsys_ilmb_bram_if_cntlr_1_lmb_...
Compiling module xil_defaultlib.embsys_ilmb_bram_if_cntlr_1
Compiling module xil_defaultlib.embsys_ilmb_v10_1__lmb_v10
Compiling module xil_defaultlib.embsys_ilmb_v10_1
Compiling module unisims_ver.RB36_INTERNAL_VLOG(READ_WIDTH_A=...
Compiling module unisims_ver.RAMB36E1(READ_WIDTH_A=1,READ_WID...
Compiling module xil_defaultlib.embsys_lmb_bram_1_blk_mem_gen_pr...
Compiling module xil_defaultlib.embsys_lmb_bram_1_blk_mem_gen_pr...
Compiling module xil_defaultlib.embsys_lmb_bram_1_blk_mem_gen_pr...
Compiling module xil_defaultlib.embsys_lmb_bram_1_blk_mem_gen_pr...
Compiling module xil_defaultlib.embsys_lmb_bram_1_blk_mem_gen_pr...
Compiling module xil_defaultlib.embsys_lmb_bram_1_blk_mem_gen_pr...
Compiling module xil_defaultlib.embsys_lmb_bram_1_blk_mem_gen_pr...
Compiling module xil_defaultlib.embsys_lmb_bram_1_blk_mem_gen_pr...
Compiling module xil_defaultlib.embsys_lmb_bram_1_blk_mem_gen_pr...
Compiling module xil_defaultlib.embsys_lmb_bram_1_blk_mem_gen_pr...
Compiling module xil_defaultlib.embsys_lmb_bram_1_blk_mem_gen_pr...
Compiling module xil_defaultlib.embsys_lmb_bram_1_blk_mem_gen_pr...
Compiling module xil_defaultlib.embsys_lmb_bram_1_blk_mem_gen_pr...
Compiling module xil_defaultlib.embsys_lmb_bram_1_blk_mem_gen_pr...
Compiling module xil_defaultlib.embsys_lmb_bram_1_blk_mem_gen_pr...
Compiling module xil_defaultlib.embsys_lmb_bram_1_blk_mem_gen_pr...
Compiling module xil_defaultlib.embsys_lmb_bram_1_blk_mem_gen_pr...
Compiling module xil_defaultlib.embsys_lmb_bram_1_blk_mem_gen_pr...
Compiling module xil_defaultlib.embsys_lmb_bram_1_blk_mem_gen_pr...
Compiling module xil_defaultlib.embsys_lmb_bram_1_blk_mem_gen_pr...
Compiling module xil_defaultlib.embsys_lmb_bram_1_blk_mem_gen_pr...
Compiling module xil_defaultlib.embsys_lmb_bram_1_blk_mem_gen_pr...
Compiling module xil_defaultlib.embsys_lmb_bram_1_blk_mem_gen_pr...
Compiling module xil_defaultlib.embsys_lmb_bram_1_blk_mem_gen_pr...
Compiling module xil_defaultlib.embsys_lmb_bram_1_blk_mem_gen_pr...
Compiling module xil_defaultlib.embsys_lmb_bram_1_blk_mem_gen_pr...
Compiling module xil_defaultlib.embsys_lmb_bram_1_blk_mem_gen_pr...
Compiling module xil_defaultlib.embsys_lmb_bram_1_blk_mem_gen_pr...
Compiling module xil_defaultlib.embsys_lmb_bram_1_blk_mem_gen_pr...
Compiling module xil_defaultlib.embsys_lmb_bram_1_blk_mem_gen_pr...
Compiling module xil_defaultlib.embsys_lmb_bram_1_blk_mem_gen_pr...
Compiling module xil_defaultlib.embsys_lmb_bram_1_blk_mem_gen_pr...
Compiling module xil_defaultlib.embsys_lmb_bram_1_blk_mem_gen_pr...
Compiling module xil_defaultlib.embsys_lmb_bram_1_blk_mem_gen_pr...
Compiling module xil_defaultlib.embsys_lmb_bram_1_blk_mem_gen_pr...
Compiling module xil_defaultlib.embsys_lmb_bram_1_blk_mem_gen_pr...
Compiling module xil_defaultlib.embsys_lmb_bram_1_blk_mem_gen_pr...
Compiling module xil_defaultlib.embsys_lmb_bram_1_blk_mem_gen_pr...
Compiling module unisims_ver.RB36_INTERNAL_VLOG(READ_WIDTH_A=...
Compiling module unisims_ver.RAMB36E1(INIT_00=256'b01,READ_WI...
Compiling module xil_defaultlib.embsys_lmb_bram_1_blk_mem_gen_pr...
Compiling module xil_defaultlib.embsys_lmb_bram_1_blk_mem_gen_pr...
Compiling module xil_defaultlib.embsys_lmb_bram_1_blk_mem_gen_pr...
Compiling module xil_defaultlib.embsys_lmb_bram_1_blk_mem_gen_pr...
Compiling module xil_defaultlib.embsys_lmb_bram_1_blk_mem_gen_pr...
Compiling module xil_defaultlib.embsys_lmb_bram_1_blk_mem_gen_pr...
Compiling module xil_defaultlib.embsys_lmb_bram_1_blk_mem_gen_pr...
Compiling module xil_defaultlib.embsys_lmb_bram_1_blk_mem_gen_pr...
Compiling module xil_defaultlib.embsys_lmb_bram_1_blk_mem_gen_pr...
Compiling module xil_defaultlib.embsys_lmb_bram_1_blk_mem_gen_pr...
Compiling module xil_defaultlib.embsys_lmb_bram_1_blk_mem_gen_pr...
Compiling module xil_defaultlib.embsys_lmb_bram_1_blk_mem_gen_pr...
Compiling module xil_defaultlib.embsys_lmb_bram_1_blk_mem_gen_pr...
Compiling module xil_defaultlib.embsys_lmb_bram_1_blk_mem_gen_pr...
Compiling module xil_defaultlib.embsys_lmb_bram_1_blk_mem_gen_pr...
Compiling module xil_defaultlib.embsys_lmb_bram_1_blk_mem_gen_pr...
Compiling module xil_defaultlib.embsys_lmb_bram_1_blk_mem_gen_pr...
Compiling module xil_defaultlib.embsys_lmb_bram_1_blk_mem_gen_pr...
Compiling module xil_defaultlib.embsys_lmb_bram_1_blk_mem_gen_pr...
Compiling module xil_defaultlib.embsys_lmb_bram_1_blk_mem_gen_pr...
Compiling module xil_defaultlib.embsys_lmb_bram_1_blk_mem_gen_pr...
Compiling module xil_defaultlib.embsys_lmb_bram_1_blk_mem_gen_pr...
Compiling module xil_defaultlib.embsys_lmb_bram_1_blk_mem_gen_pr...
Compiling module xil_defaultlib.embsys_lmb_bram_1_blk_mem_gen_pr...
Compiling module xil_defaultlib.embsys_lmb_bram_1_blk_mem_gen_pr...
Compiling module xil_defaultlib.embsys_lmb_bram_1_blk_mem_gen_pr...
Compiling module xil_defaultlib.embsys_lmb_bram_1_blk_mem_gen_ge...
Compiling module xil_defaultlib.embsys_lmb_bram_1_blk_mem_gen_to...
Compiling module xil_defaultlib.embsys_lmb_bram_1_blk_mem_gen_v8...
Compiling module xil_defaultlib.embsys_lmb_bram_1_blk_mem_gen_v8...
Compiling module xil_defaultlib.embsys_lmb_bram_1
Compiling module xil_defaultlib.microblaze_0_local_memory_imp_1S...
Compiling module xil_defaultlib.embsys_microblaze_0_xlconcat_1
Compiling module unisims_ver.MUXF8
Compiling module xil_defaultlib.embsys_nexys4IO_0_1_debounce
Compiling module xil_defaultlib.embsys_nexys4IO_0_1_rgbpwm
Compiling module xil_defaultlib.embsys_nexys4IO_0_1_rgbpwm_0
Compiling module xil_defaultlib.embsys_nexys4IO_0_1_Digit
Compiling module xil_defaultlib.embsys_nexys4IO_0_1_Digit_1
Compiling module xil_defaultlib.embsys_nexys4IO_0_1_Digit_2
Compiling module xil_defaultlib.embsys_nexys4IO_0_1_Digit_3
Compiling module xil_defaultlib.embsys_nexys4IO_0_1_Digit_4
Compiling module xil_defaultlib.embsys_nexys4IO_0_1_Digit_5
Compiling module xil_defaultlib.embsys_nexys4IO_0_1_Digit_6
Compiling module xil_defaultlib.embsys_nexys4IO_0_1_Digit_7
Compiling module xil_defaultlib.embsys_nexys4IO_0_1_sevensegment
Compiling module xil_defaultlib.embsys_nexys4IO_0_1_nexys4IO_v2_...
Compiling module xil_defaultlib.embsys_nexys4IO_0_1_nexys4IO_v2_...
Compiling module xil_defaultlib.embsys_nexys4IO_0_1
Compiling module xil_defaultlib.embsys_rst_clk_wiz_1_100M_1_cdc_...
Compiling module xil_defaultlib.embsys_rst_clk_wiz_1_100M_1_cdc_...
Compiling module xil_defaultlib.embsys_rst_clk_wiz_1_100M_1_lpf
Compiling module xil_defaultlib.embsys_rst_clk_wiz_1_100M_1_upcn...
Compiling module unisims_ver.FDSE(INIT=1'b0)
Compiling module xil_defaultlib.embsys_rst_clk_wiz_1_100M_1_sequ...
Compiling module xil_defaultlib.embsys_rst_clk_wiz_1_100M_1_proc...
Compiling module xil_defaultlib.embsys_rst_clk_wiz_1_100M_1
Compiling module xil_defaultlib.embsys
Compiling module unisims_ver.OBUF
Compiling module unisims_ver.IOBUF
Compiling module xil_defaultlib.nexysA7fpga
Compiling module xil_defaultlib.glbl
Built simulation snapshot nexysA7fpga_func_synth
