INFO: [VRFC 10-163] Analyzing VHDL file "C:/Users/ME/Vivado_Projects/project_1/project_1.ip_user_files/bd/embsys/ip/embsys_microblaze_0_1/sim/embsys_microblaze_0_1.vhd" into library xil_defaultlib
INFO: [VRFC 10-307] analyzing entity embsys_microblaze_0_1
INFO: [VRFC 10-163] Analyzing VHDL file "C:/Users/ME/Vivado_Projects/project_1/project_1.ip_user_files/bd/embsys/ip/embsys_PmodOLEDrgb_0_1/ip/PmodOLEDrgb_axi_quad_spi_0_0/sim/PmodOLEDrgb_axi_quad_spi_0_0.vhd" into library xil_defaultlib
INFO: [VRFC 10-307] analyzing entity PmodOLEDrgb_axi_quad_spi_0_0
INFO: [VRFC 10-163] Analyzing VHDL file "C:/Users/ME/Vivado_Projects/project_1/project_1.ip_user_files/bd/embsys/ip/embsys_PmodOLEDrgb_0_1/ip/PmodOLEDrgb_axi_gpio_0_1/sim/PmodOLEDrgb_axi_gpio_0_1.vhd" into library xil_defaultlib
INFO: [VRFC 10-307] analyzing entity PmodOLEDrgb_axi_gpio_0_1
INFO: [VRFC 10-163] Analyzing VHDL file "C:/Users/ME/Vivado_Projects/project_1/project_1.ip_user_files/bd/embsys/ip/embsys_axi_gpio_0_1/sim/embsys_axi_gpio_0_1.vhd" into library xil_defaultlib
INFO: [VRFC 10-307] analyzing entity embsys_axi_gpio_0_1
INFO: [VRFC 10-163] Analyzing VHDL file "C:/Users/ME/Vivado_Projects/project_1/project_1.ip_user_files/bd/embsys/ip/embsys_axi_timer_0_1/sim/embsys_axi_timer_0_1.vhd" into library xil_defaultlib
INFO: [VRFC 10-307] analyzing entity embsys_axi_timer_0_1
INFO: [VRFC 10-163] Analyzing VHDL file "C:/Users/ME/Vivado_Projects/project_1/project_1.ip_user_files/bd/embsys/ip/embsys_fit_timer_0_1/sim/embsys_fit_timer_0_1.vhd" into library xil_defaultlib
INFO: [VRFC 10-307] analyzing entity embsys_fit_timer_0_1
INFO: [VRFC 10-163] Analyzing VHDL file "C:/Users/ME/Vivado_Projects/project_1/project_1.ip_user_files/bd/embsys/ip/embsys_axi_uartlite_0_1/sim/embsys_axi_uartlite_0_1.vhd" into library xil_defaultlib
INFO: [VRFC 10-307] analyzing entity embsys_axi_uartlite_0_1
INFO: [VRFC 10-163] Analyzing VHDL file "C:/Users/ME/Vivado_Projects/project_1/project_1.ip_user_files/bd/embsys/ip/embsys_microblaze_0_axi_intc_1/sim/embsys_microblaze_0_axi_intc_1.vhd" into library xil_defaultlib
INFO: [VRFC 10-307] analyzing entity embsys_microblaze_0_axi_intc_1
INFO: [VRFC 10-163] Analyzing VHDL file "C:/Users/ME/Vivado_Projects/project_1/project_1.ip_user_files/bd/embsys/ip/embsys_mdm_1_1/sim/embsys_mdm_1_1.vhd" into library xil_defaultlib
INFO: [VRFC 10-307] analyzing entity embsys_mdm_1_1
INFO: [VRFC 10-163] Analyzing VHDL file "C:/Users/ME/Vivado_Projects/project_1/project_1.ip_user_files/bd/embsys/ip/embsys_rst_clk_wiz_1_100M_1/sim/embsys_rst_clk_wiz_1_100M_1.vhd" into library xil_defaultlib
INFO: [VRFC 10-307] analyzing entity embsys_rst_clk_wiz_1_100M_1
INFO: [VRFC 10-163] Analyzing VHDL file "C:/Users/ME/Vivado_Projects/project_1/project_1.ip_user_files/bd/embsys/ip/embsys_dlmb_v10_1/sim/embsys_dlmb_v10_1.vhd" into library xil_defaultlib
INFO: [VRFC 10-307] analyzing entity embsys_dlmb_v10_1
INFO: [VRFC 10-163] Analyzing VHDL file "C:/Users/ME/Vivado_Projects/project_1/project_1.ip_user_files/bd/embsys/ip/embsys_ilmb_v10_1/sim/embsys_ilmb_v10_1.vhd" into library xil_defaultlib
INFO: [VRFC 10-307] analyzing entity embsys_ilmb_v10_1
INFO: [VRFC 10-163] Analyzing VHDL file "C:/Users/ME/Vivado_Projects/project_1/project_1.ip_user_files/bd/embsys/ip/embsys_dlmb_bram_if_cntlr_1/sim/embsys_dlmb_bram_if_cntlr_1.vhd" into library xil_defaultlib
INFO: [VRFC 10-307] analyzing entity embsys_dlmb_bram_if_cntlr_1
INFO: [VRFC 10-163] Analyzing VHDL file "C:/Users/ME/Vivado_Projects/project_1/project_1.ip_user_files/bd/embsys/ip/embsys_ilmb_bram_if_cntlr_1/sim/embsys_ilmb_bram_if_cntlr_1.vhd" into library xil_defaultlib
INFO: [VRFC 10-307] analyzing entity embsys_ilmb_bram_if_cntlr_1
INFO: [VRFC 10-163] Analyzing VHDL file "C:/Users/ME/Vivado_Projects/project_1/project_1.ip_user_files/bd/embsys/ip/embsys_PmodENC_0_1/src/PmodENC_axi_gpio_0_0/sim/PmodENC_axi_gpio_0_0.vhd" into library xil_defaultlib
INFO: [VRFC 10-307] analyzing entity PmodENC_axi_gpio_0_0
INFO: [VRFC 10-163] Analyzing VHDL file "C:/Users/ME/Vivado_Projects/project_1/project_1.ip_user_files/bd/embsys/ip/embsys_axi_gpio_1_0/sim/embsys_axi_gpio_1_0.vhd" into library xil_defaultlib
INFO: [VRFC 10-307] analyzing entity embsys_axi_gpio_1_0
