#-----------------------------------------------------------
# Vivado v2018.2 (64-bit)
# SW Build 2258646 on Thu Jun 14 20:03:12 MDT 2018
# IP Build 2256618 on Thu Jun 14 22:10:49 MDT 2018
# Start of session at: Mon Apr 13 14:32:43 2020
# Process ID: 4116
# Current directory: C:/Users/ME/Vivado Projects/project_0
# Command line: vivado.exe -gui_launcher_event rodinguilauncherevent8944 C:\Users\ME\Vivado Projects\project_0\project_0.xpr
# Log file: C:/Users/ME/Vivado Projects/project_0/vivado.log
# Journal file: C:/Users/ME/Vivado Projects/project_0\vivado.jou
#-----------------------------------------------------------
start_gui
open_project {C:/Users/ME/Vivado Projects/project_0/project_0.xpr}
Scanning sources...
Finished scanning sources
INFO: [IP_Flow 19-234] Refreshing IP repositories
INFO: [IP_Flow 19-1700] Loaded user IP repository 'c:/Users/ME/OneDrive/Documents/School/PSU/Spring2020/ECE544/Projects/Project Source Files/ece544ip-library-master'.
INFO: [IP_Flow 19-1700] Loaded user IP repository 'c:/Users/ME/OneDrive/Documents/School/PSU/Spring2020/ECE544/Projects/Project Source Files/vivado-library-v2019.1-1'.
INFO: [IP_Flow 19-2313] Loaded Vivado IP repository 'C:/Xilinx/Vivado/2018.2/data/ip'.
open_project: Time (s): cpu = 00:00:25 ; elapsed = 00:00:16 . Memory (MB): peak = 892.508 ; gain = 213.793
update_compile_order -fileset sources_1
