#-----------------------------------------------------------
# Vivado v2018.2 (64-bit)
# SW Build 2258646 on Thu Jun 14 20:03:12 MDT 2018
# IP Build 2256618 on Thu Jun 14 22:10:49 MDT 2018
# Start of session at: Mon Apr 13 14:34:02 2020
# Process ID: 10384
# Current directory: C:/Users/ME/Vivado Projects/project_0
# Command line: vivado.exe -gui_launcher_event rodinguilauncherevent4644 C:\Users\ME\Vivado Projects\project_0\project_0.xpr
# Log file: C:/Users/ME/Vivado Projects/project_0/vivado.log
# Journal file: C:/Users/ME/Vivado Projects/project_0\vivado.jou
#-----------------------------------------------------------
start_gui
open_project {C:/Users/ME/Vivado Projects/project_0/project_0.xpr}
Scanning sources...
Finished scanning sources
INFO: [IP_Flow 19-234] Refreshing IP repositories
INFO: [IP_Flow 19-1700] Loaded user IP repository 'c:/Users/ME/OneDrive/Documents/School/PSU/Spring2020/ECE544/Projects/Project Source Files/ece544ip-library-master'.
INFO: [IP_Flow 19-1700] Loaded user IP repository 'c:/Users/ME/OneDrive/Documents/School/PSU/Spring2020/ECE544/Projects/Project Source Files/vivado-library-v2019.1-1'.
INFO: [IP_Flow 19-2313] Loaded Vivado IP repository 'C:/Xilinx/Vivado/2018.2/data/ip'.
open_project: Time (s): cpu = 00:00:28 ; elapsed = 00:00:16 . Memory (MB): peak = 911.371 ; gain = 222.402
reset_run synth_1
launch_runs impl_1 -to_step write_bitstream -jobs 4
INFO: [Common 17-41] Interrupt caught. Command should exit soon.
[Mon Apr 13 14:35:13 2020] Launched synth_1...
Run output will be captured here: C:/Users/ME/Vivado Projects/project_0/project_0.runs/synth_1/runme.log
[Mon Apr 13 14:35:13 2020] Launched impl_1...
Run output will be captured here: C:/Users/ME/Vivado Projects/project_0/project_0.runs/impl_1/runme.log
launch_runs: Time (s): cpu = 00:00:12 ; elapsed = 00:00:11 . Memory (MB): peak = 911.371 ; gain = 0.000
INFO: [Common 17-344] 'launch_runs' was cancelled
update_compile_order -fileset sources_1
reset_run synth_1
launch_runs impl_1 -to_step write_bitstream -jobs 4
[Mon Apr 13 14:35:39 2020] Launched synth_1...
Run output will be captured here: C:/Users/ME/Vivado Projects/project_0/project_0.runs/synth_1/runme.log
[Mon Apr 13 14:35:39 2020] Launched impl_1...
Run output will be captured here: C:/Users/ME/Vivado Projects/project_0/project_0.runs/impl_1/runme.log
