#-----------------------------------------------------------
# Vivado v2018.2 (64-bit)
# SW Build 2258646 on Thu Jun 14 20:03:12 MDT 2018
# IP Build 2256618 on Thu Jun 14 22:10:49 MDT 2018
# Start of session at: Wed Apr 15 14:40:23 2020
# Process ID: 9516
# Current directory: C:/Users/ME/Vivado_Projects/project_0
# Command line: vivado.exe -gui_launcher_event rodinguilauncherevent14840 C:\Users\ME\Vivado_Projects\project_0\project_0.xpr
# Log file: C:/Users/ME/Vivado_Projects/project_0/vivado.log
# Journal file: C:/Users/ME/Vivado_Projects/project_0\vivado.jou
#-----------------------------------------------------------
start_gui
open_project C:/Users/ME/Vivado_Projects/project_0/project_0.xpr
INFO: [Project 1-313] Project file moved from 'C:/Users/ME/Vivado Projects/project_0' since last save.
Scanning sources...
Finished scanning sources
INFO: [IP_Flow 19-234] Refreshing IP repositories
INFO: [IP_Flow 19-1700] Loaded user IP repository 'c:/Users/ME/OneDrive/Documents/School/PSU/Spring2020/ECE544/Projects/Project Source Files/ece544ip-library-master'.
INFO: [IP_Flow 19-1700] Loaded user IP repository 'c:/Users/ME/OneDrive/Documents/School/PSU/Spring2020/ECE544/Projects/Project Source Files/vivado-library-v2019.1-1'.
INFO: [IP_Flow 19-2313] Loaded Vivado IP repository 'C:/Xilinx/Vivado/2018.2/data/ip'.
open_project: Time (s): cpu = 00:00:41 ; elapsed = 00:00:39 . Memory (MB): peak = 852.527 ; gain = 141.098
exit
INFO: [Common 17-206] Exiting Vivado at Wed Apr 15 14:41:40 2020...
/Vivado_Projects/project_0/project_0.sdk -hwspec C:/Users/ME/Vivado_Projects/project_0/project_0.sdk/nexysA7fpga.hdf
INFO: [Vivado 12-393] Launching SDK...
INFO: [Vivado 12-417] Running xsdk -workspace C:/Users/ME/Vivado_Projects/project_0/project_0.sdk -hwspec C:/Users/ME/Vivado_Projects/project_0/project_0.sdk/nexysA7fpga.hdf
INFO: [Vivado 12-3157] SDK launch initiated. Please check console for any further messages.
