14:41:39 INFO  : Registering command handlers for SDK TCF services
14:41:41 INFO  : Launching XSCT server: xsct.bat -interactive C:\Users\ME\Vivado_Projects\project_0\project_0.sdk\temp_xsdb_launch_script.tcl
14:41:47 INFO  : XSCT server has started successfully.
14:41:47 INFO  : Successfully done setting XSCT server connection channel  
14:41:49 INFO  : Successfully done setting SDK workspace  
14:41:49 INFO  : Processing command line option -hwspec C:/Users/ME/Vivado_Projects/project_0/project_0.sdk/nexysA7fpga.hdf.
15:00:50 INFO  : Successfully generated C:\Users\ME\Vivado_Projects\project_0\project_0.sdk\gettingstarted\src\lscript.ld.
15:00:50 INFO  : Applying linker script to all configurations of project gettingstarted.
15:00:50 INFO  : Setting rebuild state to true for all configurations of project gettingstarted.
01:23:52 INFO  : Registering command handlers for SDK TCF services
01:23:53 INFO  : Launching XSCT server: xsct.bat -interactive C:\Users\ME\Vivado_Projects\project_0\project_0.sdk\temp_xsdb_launch_script.tcl
01:23:56 INFO  : XSCT server has started successfully.
01:23:56 INFO  : Successfully done setting XSCT server connection channel  
01:23:57 INFO  : Successfully done setting SDK workspace  
01:23:57 INFO  : Processing command line option -hwspec C:/Users/ME/Vivado_Projects/project_0/project_0.sdk/nexysA7fpga.hdf.
01:23:57 INFO  : Checking for hwspec changes in the project nexysA7fpga_hw_platform_0.
01:55:24 INFO  : Connected to target on host '127.0.0.1' and port '3121'.
01:55:26 INFO  : 'targets -set -filter {jtag_cable_name =~ "Digilent Nexys A7 -50T 210292AA7EAAA" && level==0} -index 0' command is executed.
01:55:27 INFO  : FPGA configured successfully with bitstream "C:/Users/ME/Vivado_Projects/project_0/project_0.sdk/nexysA7fpga_hw_platform_0/download.bit"
01:57:31 INFO  : 'targets -set -filter {jtag_cable_name =~ "Digilent Nexys A7 -50T 210292AA7EAAA" && level==0} -index 0' command is executed.
01:57:31 INFO  : 'fpga -state' command is executed.
01:57:31 INFO  : Connected to target on host '127.0.0.1' and port '3121'.
01:57:31 INFO  : Jtag cable 'Digilent Nexys A7 -50T 210292AA7EAAA' is selected.
01:57:31 INFO  : 'jtag frequency' command is executed.
01:57:31 INFO  : 'configparams mdm-detect-bscan-mask 2' command is executed.
01:57:31 INFO  : Context for processor 'microblaze_0' is selected.
01:57:31 INFO  : Processor reset is completed for 'microblaze_0'.
01:57:31 INFO  : Context for processor 'microblaze_0' is selected.
01:57:31 INFO  : The application 'C:/Users/ME/Vivado_Projects/project_0/project_0.sdk/gettingstarted/Debug/gettingstarted.elf' is downloaded to processor 'microblaze_0'.
01:57:31 INFO  : ----------------XSDB Script----------------
connect -url tcp:127.0.0.1:3121
configparams mdm-detect-bscan-mask 2
targets -set -nocase -filter {name =~ "microblaze*#0" && bscan=="USER2"  && jtag_cable_name =~ "Digilent Nexys A7 -50T 210292AA7EAAA"} -index 0
rst -processor
targets -set -nocase -filter {name =~ "microblaze*#0" && bscan=="USER2"  && jtag_cable_name =~ "Digilent Nexys A7 -50T 210292AA7EAAA"} -index 0
dow C:/Users/ME/Vivado_Projects/project_0/project_0.sdk/gettingstarted/Debug/gettingstarted.elf
----------------End of Script----------------

02:00:04 INFO  : Disconnected from the channel tcfchan#1.
02:00:56 INFO  : Connected to target on host '127.0.0.1' and port '3121'.
02:00:56 INFO  : 'targets -set -filter {jtag_cable_name =~ "Digilent Nexys A7 -50T 210292AA7EAAA" && level==0} -index 0' command is executed.
02:00:58 INFO  : FPGA configured successfully with bitstream "C:/Users/ME/Vivado_Projects/project_0/project_0.sdk/nexysA7fpga_hw_platform_0/download.bit"
02:01:54 INFO  : Launching XSCT server: xsct.bat -interactive C:\Users\ME\Vivado_Projects\project_0\project_0.sdk\temp_xsdb_launch_script.tcl
02:01:57 INFO  : XSCT server has started successfully.
02:01:58 INFO  : Successfully done setting XSCT server connection channel  
02:01:58 INFO  : Successfully done setting SDK workspace  
02:02:05 INFO  : Registering command handlers for SDK TCF services
02:02:05 INFO  : Processing command line option -hwspec C:/Users/ME/Vivado_Projects/project_0/project_0.sdk/nexysA7fpga.hdf.
02:02:06 INFO  : Checking for hwspec changes in the project nexysA7fpga_hw_platform_0.
02:02:36 INFO  : Connected to target on host '127.0.0.1' and port '3121'.
02:02:37 INFO  : 'targets -set -filter {jtag_cable_name =~ "Digilent Nexys A7 -50T 210292AA7EAAA" && level==0} -index 0' command is executed.
02:02:39 INFO  : FPGA configured successfully with bitstream "C:/Users/ME/Vivado_Projects/project_0/project_0.sdk/nexysA7fpga_hw_platform_0/download.bit"
02:03:53 INFO  : 'targets -set -filter {jtag_cable_name =~ "Digilent Nexys A7 -50T 210292AA7EAAA" && level==0} -index 0' command is executed.
02:03:53 INFO  : 'fpga -state' command is executed.
02:03:53 INFO  : Connected to target on host '127.0.0.1' and port '3121'.
02:03:54 INFO  : Jtag cable 'Digilent Nexys A7 -50T 210292AA7EAAA' is selected.
02:03:54 INFO  : 'jtag frequency' command is executed.
02:03:54 INFO  : 'configparams mdm-detect-bscan-mask 2' command is executed.
02:03:54 INFO  : Context for processor 'microblaze_0' is selected.
02:03:54 INFO  : Processor reset is completed for 'microblaze_0'.
02:03:54 INFO  : Context for processor 'microblaze_0' is selected.
02:03:54 INFO  : The application 'C:/Users/ME/Vivado_Projects/project_0/project_0.sdk/gettingstarted/Debug/gettingstarted.elf' is downloaded to processor 'microblaze_0'.
02:03:54 INFO  : ----------------XSDB Script----------------
connect -url tcp:127.0.0.1:3121
configparams mdm-detect-bscan-mask 2
targets -set -nocase -filter {name =~ "microblaze*#0" && bscan=="USER2"  && jtag_cable_name =~ "Digilent Nexys A7 -50T 210292AA7EAAA"} -index 0
rst -processor
targets -set -nocase -filter {name =~ "microblaze*#0" && bscan=="USER2"  && jtag_cable_name =~ "Digilent Nexys A7 -50T 210292AA7EAAA"} -index 0
dow C:/Users/ME/Vivado_Projects/project_0/project_0.sdk/gettingstarted/Debug/gettingstarted.elf
----------------End of Script----------------

02:12:40 INFO  : Disconnected from the channel tcfchan#1.
02:13:13 INFO  : Connected to target on host '127.0.0.1' and port '3121'.
02:13:15 INFO  : 'targets -set -filter {jtag_cable_name =~ "Digilent Nexys A7 -50T 210292AA7EAAA" && level==0} -index 0' command is executed.
02:13:16 INFO  : FPGA configured successfully with bitstream "C:/Users/ME/Vivado_Projects/project_0/project_0.sdk/nexysA7fpga_hw_platform_0/download.bit"
02:13:30 INFO  : 'targets -set -filter {jtag_cable_name =~ "Digilent Nexys A7 -50T 210292AA7EAAA" && level==0} -index 0' command is executed.
02:13:30 INFO  : 'fpga -state' command is executed.
02:13:30 INFO  : Connected to target on host '127.0.0.1' and port '3121'.
02:13:30 INFO  : Jtag cable 'Digilent Nexys A7 -50T 210292AA7EAAA' is selected.
02:13:30 INFO  : 'jtag frequency' command is executed.
02:13:30 INFO  : 'configparams mdm-detect-bscan-mask 2' command is executed.
02:13:30 INFO  : Context for processor 'microblaze_0' is selected.
02:13:30 INFO  : Processor reset is completed for 'microblaze_0'.
02:13:30 INFO  : Context for processor 'microblaze_0' is selected.
02:13:30 INFO  : The application 'C:/Users/ME/Vivado_Projects/project_0/project_0.sdk/gettingstarted/Debug/gettingstarted.elf' is downloaded to processor 'microblaze_0'.
02:13:30 INFO  : ----------------XSDB Script----------------
connect -url tcp:127.0.0.1:3121
configparams mdm-detect-bscan-mask 2
targets -set -nocase -filter {name =~ "microblaze*#0" && bscan=="USER2"  && jtag_cable_name =~ "Digilent Nexys A7 -50T 210292AA7EAAA"} -index 0
rst -processor
targets -set -nocase -filter {name =~ "microblaze*#0" && bscan=="USER2"  && jtag_cable_name =~ "Digilent Nexys A7 -50T 210292AA7EAAA"} -index 0
dow C:/Users/ME/Vivado_Projects/project_0/project_0.sdk/gettingstarted/Debug/gettingstarted.elf
----------------End of Script----------------

02:13:51 INFO  : Disconnected from the channel tcfchan#2.
02:14:23 INFO  : 'targets -set -filter {jtag_cable_name =~ "Digilent Nexys A7 -50T 210292AA7EAAA" && level==0} -index 0' command is executed.
02:14:23 INFO  : 'fpga -state' command is executed.
02:14:23 INFO  : Connected to target on host '127.0.0.1' and port '3121'.
02:14:23 INFO  : Jtag cable 'Digilent Nexys A7 -50T 210292AA7EAAA' is selected.
02:14:23 INFO  : 'jtag frequency' command is executed.
02:14:23 INFO  : 'configparams mdm-detect-bscan-mask 2' command is executed.
02:14:24 INFO  : Context for processor 'microblaze_0' is selected.
02:14:24 INFO  : Processor reset is completed for 'microblaze_0'.
02:14:25 INFO  : Context for processor 'microblaze_0' is selected.
02:14:25 INFO  : The application 'C:/Users/ME/Vivado_Projects/project_0/project_0.sdk/gettingstarted/Debug/gettingstarted.elf' is downloaded to processor 'microblaze_0'.
02:14:25 INFO  : ----------------XSDB Script----------------
connect -url tcp:127.0.0.1:3121
configparams mdm-detect-bscan-mask 2
targets -set -nocase -filter {name =~ "microblaze*#0" && bscan=="USER2"  && jtag_cable_name =~ "Digilent Nexys A7 -50T 210292AA7EAAA"} -index 0
rst -processor
targets -set -nocase -filter {name =~ "microblaze*#0" && bscan=="USER2"  && jtag_cable_name =~ "Digilent Nexys A7 -50T 210292AA7EAAA"} -index 0
dow C:/Users/ME/Vivado_Projects/project_0/project_0.sdk/gettingstarted/Debug/gettingstarted.elf
----------------End of Script----------------

02:14:26 INFO  : Context for processor 'microblaze_0' is selected.
02:14:26 INFO  : 'con' command is executed.
02:14:26 INFO  : ----------------XSDB Script (After Launch)----------------
targets -set -nocase -filter {name =~ "microblaze*#0" && bscan=="USER2"  && jtag_cable_name =~ "Digilent Nexys A7 -50T 210292AA7EAAA"} -index 0
con
----------------End of Script----------------

02:14:26 INFO  : Disconnected from the channel tcfchan#3.
02:15:52 INFO  : 'targets -set -filter {jtag_cable_name =~ "Digilent Nexys A7 -50T 210292AA7EAAA" && level==0} -index 0' command is executed.
02:15:52 INFO  : 'fpga -state' command is executed.
02:15:52 INFO  : Connected to target on host '127.0.0.1' and port '3121'.
02:15:52 INFO  : Jtag cable 'Digilent Nexys A7 -50T 210292AA7EAAA' is selected.
02:15:52 INFO  : 'jtag frequency' command is executed.
02:15:52 INFO  : 'configparams mdm-detect-bscan-mask 2' command is executed.
02:15:53 INFO  : Context for processor 'microblaze_0' is selected.
02:15:53 INFO  : Processor reset is completed for 'microblaze_0'.
02:15:54 INFO  : Context for processor 'microblaze_0' is selected.
02:15:54 INFO  : The application 'C:/Users/ME/Vivado_Projects/project_0/project_0.sdk/gettingstarted/Debug/gettingstarted.elf' is downloaded to processor 'microblaze_0'.
02:15:54 INFO  : ----------------XSDB Script----------------
connect -url tcp:127.0.0.1:3121
configparams mdm-detect-bscan-mask 2
targets -set -nocase -filter {name =~ "microblaze*#0" && bscan=="USER2"  && jtag_cable_name =~ "Digilent Nexys A7 -50T 210292AA7EAAA"} -index 0
rst -processor
targets -set -nocase -filter {name =~ "microblaze*#0" && bscan=="USER2"  && jtag_cable_name =~ "Digilent Nexys A7 -50T 210292AA7EAAA"} -index 0
dow C:/Users/ME/Vivado_Projects/project_0/project_0.sdk/gettingstarted/Debug/gettingstarted.elf
----------------End of Script----------------

02:15:55 INFO  : Context for processor 'microblaze_0' is selected.
02:15:55 INFO  : 'con' command is executed.
02:15:55 INFO  : ----------------XSDB Script (After Launch)----------------
targets -set -nocase -filter {name =~ "microblaze*#0" && bscan=="USER2"  && jtag_cable_name =~ "Digilent Nexys A7 -50T 210292AA7EAAA"} -index 0
con
----------------End of Script----------------

02:15:55 INFO  : Disconnected from the channel tcfchan#4.
02:29:35 INFO  : 'targets -set -filter {jtag_cable_name =~ "Digilent Nexys A7 -50T 210292AA7EAAA" && level==0} -index 0' command is executed.
02:29:35 INFO  : 'fpga -state' command is executed.
02:29:35 INFO  : Connected to target on host '127.0.0.1' and port '3121'.
02:29:36 INFO  : Jtag cable 'Digilent Nexys A7 -50T 210292AA7EAAA' is selected.
02:29:36 INFO  : 'jtag frequency' command is executed.
02:29:36 INFO  : 'configparams mdm-detect-bscan-mask 2' command is executed.
02:29:36 INFO  : Context for processor 'microblaze_0' is selected.
02:29:36 INFO  : Processor reset is completed for 'microblaze_0'.
02:29:36 INFO  : Context for processor 'microblaze_0' is selected.
02:29:37 INFO  : The application 'C:/Users/ME/Vivado_Projects/project_0/project_0.sdk/gettingstarted/Debug/gettingstarted.elf' is downloaded to processor 'microblaze_0'.
02:29:37 INFO  : ----------------XSDB Script----------------
connect -url tcp:127.0.0.1:3121
configparams mdm-detect-bscan-mask 2
targets -set -nocase -filter {name =~ "microblaze*#0" && bscan=="USER2"  && jtag_cable_name =~ "Digilent Nexys A7 -50T 210292AA7EAAA"} -index 0
rst -processor
targets -set -nocase -filter {name =~ "microblaze*#0" && bscan=="USER2"  && jtag_cable_name =~ "Digilent Nexys A7 -50T 210292AA7EAAA"} -index 0
dow C:/Users/ME/Vivado_Projects/project_0/project_0.sdk/gettingstarted/Debug/gettingstarted.elf
----------------End of Script----------------

02:29:37 INFO  : Context for processor 'microblaze_0' is selected.
02:29:37 INFO  : 'con' command is executed.
02:29:37 INFO  : ----------------XSDB Script (After Launch)----------------
targets -set -nocase -filter {name =~ "microblaze*#0" && bscan=="USER2"  && jtag_cable_name =~ "Digilent Nexys A7 -50T 210292AA7EAAA"} -index 0
con
----------------End of Script----------------

02:29:37 INFO  : Disconnected from the channel tcfchan#5.
02:33:46 INFO  : 'targets -set -filter {jtag_cable_name =~ "Digilent Nexys A7 -50T 210292AA7EAAA" && level==0} -index 0' command is executed.
02:33:46 INFO  : 'fpga -state' command is executed.
02:33:46 INFO  : Connected to target on host '127.0.0.1' and port '3121'.
02:33:46 INFO  : Jtag cable 'Digilent Nexys A7 -50T 210292AA7EAAA' is selected.
02:33:46 INFO  : 'jtag frequency' command is executed.
02:33:46 INFO  : 'configparams mdm-detect-bscan-mask 2' command is executed.
02:33:47 INFO  : Context for processor 'microblaze_0' is selected.
02:33:47 INFO  : Processor reset is completed for 'microblaze_0'.
02:33:48 INFO  : Context for processor 'microblaze_0' is selected.
02:33:48 INFO  : The application 'C:/Users/ME/Vivado_Projects/project_0/project_0.sdk/gettingstarted/Debug/gettingstarted.elf' is downloaded to processor 'microblaze_0'.
02:33:48 INFO  : ----------------XSDB Script----------------
connect -url tcp:127.0.0.1:3121
configparams mdm-detect-bscan-mask 2
targets -set -nocase -filter {name =~ "microblaze*#0" && bscan=="USER2"  && jtag_cable_name =~ "Digilent Nexys A7 -50T 210292AA7EAAA"} -index 0
rst -processor
targets -set -nocase -filter {name =~ "microblaze*#0" && bscan=="USER2"  && jtag_cable_name =~ "Digilent Nexys A7 -50T 210292AA7EAAA"} -index 0
dow C:/Users/ME/Vivado_Projects/project_0/project_0.sdk/gettingstarted/Debug/gettingstarted.elf
----------------End of Script----------------

02:33:49 INFO  : Context for processor 'microblaze_0' is selected.
02:33:49 INFO  : 'con' command is executed.
02:33:49 INFO  : ----------------XSDB Script (After Launch)----------------
targets -set -nocase -filter {name =~ "microblaze*#0" && bscan=="USER2"  && jtag_cable_name =~ "Digilent Nexys A7 -50T 210292AA7EAAA"} -index 0
con
----------------End of Script----------------

02:33:49 INFO  : Disconnected from the channel tcfchan#6.
02:35:32 INFO  : 'targets -set -filter {jtag_cable_name =~ "Digilent Nexys A7 -50T 210292AA7EAAA" && level==0} -index 0' command is executed.
02:35:32 INFO  : 'fpga -state' command is executed.
02:35:32 INFO  : Connected to target on host '127.0.0.1' and port '3121'.
02:35:33 INFO  : Jtag cable 'Digilent Nexys A7 -50T 210292AA7EAAA' is selected.
02:35:33 INFO  : 'jtag frequency' command is executed.
02:35:33 INFO  : 'configparams mdm-detect-bscan-mask 2' command is executed.
02:35:34 INFO  : Context for processor 'microblaze_0' is selected.
02:35:34 INFO  : Processor reset is completed for 'microblaze_0'.
02:35:34 INFO  : Context for processor 'microblaze_0' is selected.
02:35:35 INFO  : The application 'C:/Users/ME/Vivado_Projects/project_0/project_0.sdk/gettingstarted/Debug/gettingstarted.elf' is downloaded to processor 'microblaze_0'.
02:35:35 INFO  : ----------------XSDB Script----------------
connect -url tcp:127.0.0.1:3121
configparams mdm-detect-bscan-mask 2
targets -set -nocase -filter {name =~ "microblaze*#0" && bscan=="USER2"  && jtag_cable_name =~ "Digilent Nexys A7 -50T 210292AA7EAAA"} -index 0
rst -processor
targets -set -nocase -filter {name =~ "microblaze*#0" && bscan=="USER2"  && jtag_cable_name =~ "Digilent Nexys A7 -50T 210292AA7EAAA"} -index 0
dow C:/Users/ME/Vivado_Projects/project_0/project_0.sdk/gettingstarted/Debug/gettingstarted.elf
----------------End of Script----------------

02:35:35 INFO  : Context for processor 'microblaze_0' is selected.
02:35:35 INFO  : 'con' command is executed.
02:35:35 INFO  : ----------------XSDB Script (After Launch)----------------
targets -set -nocase -filter {name =~ "microblaze*#0" && bscan=="USER2"  && jtag_cable_name =~ "Digilent Nexys A7 -50T 210292AA7EAAA"} -index 0
con
----------------End of Script----------------

02:35:35 INFO  : Disconnected from the channel tcfchan#7.
02:45:32 INFO  : 'targets -set -filter {jtag_cable_name =~ "Digilent Nexys A7 -50T 210292AA7EAAA" && level==0} -index 0' command is executed.
02:45:32 INFO  : 'fpga -state' command is executed.
02:45:32 INFO  : Connected to target on host '127.0.0.1' and port '3121'.
02:45:32 INFO  : Jtag cable 'Digilent Nexys A7 -50T 210292AA7EAAA' is selected.
02:45:32 INFO  : 'jtag frequency' command is executed.
02:45:32 INFO  : 'configparams mdm-detect-bscan-mask 2' command is executed.
02:45:33 INFO  : Context for processor 'microblaze_0' is selected.
02:45:33 INFO  : Processor reset is completed for 'microblaze_0'.
02:45:34 INFO  : Context for processor 'microblaze_0' is selected.
02:45:34 INFO  : The application 'C:/Users/ME/Vivado_Projects/project_0/project_0.sdk/gettingstarted/Debug/gettingstarted.elf' is downloaded to processor 'microblaze_0'.
02:45:34 INFO  : ----------------XSDB Script----------------
connect -url tcp:127.0.0.1:3121
configparams mdm-detect-bscan-mask 2
targets -set -nocase -filter {name =~ "microblaze*#0" && bscan=="USER2"  && jtag_cable_name =~ "Digilent Nexys A7 -50T 210292AA7EAAA"} -index 0
rst -processor
targets -set -nocase -filter {name =~ "microblaze*#0" && bscan=="USER2"  && jtag_cable_name =~ "Digilent Nexys A7 -50T 210292AA7EAAA"} -index 0
dow C:/Users/ME/Vivado_Projects/project_0/project_0.sdk/gettingstarted/Debug/gettingstarted.elf
----------------End of Script----------------

02:45:35 INFO  : Context for processor 'microblaze_0' is selected.
02:45:35 INFO  : 'con' command is executed.
02:45:35 INFO  : ----------------XSDB Script (After Launch)----------------
targets -set -nocase -filter {name =~ "microblaze*#0" && bscan=="USER2"  && jtag_cable_name =~ "Digilent Nexys A7 -50T 210292AA7EAAA"} -index 0
con
----------------End of Script----------------

02:45:35 INFO  : Disconnected from the channel tcfchan#8.
14:23:27 INFO  : Registering command handlers for SDK TCF services
14:23:27 INFO  : Launching XSCT server: xsct.bat -interactive C:\Users\ME\Vivado_Projects\project_0\project_0.sdk\temp_xsdb_launch_script.tcl
14:23:31 INFO  : XSCT server has started successfully.
14:23:32 INFO  : Successfully done setting XSCT server connection channel  
14:23:32 INFO  : Successfully done setting SDK workspace  
14:23:32 INFO  : Processing command line option -hwspec C:/Users/ME/Vivado_Projects/project_0/project_0.sdk/nexysA7fpga.hdf.
14:23:33 INFO  : Checking for hwspec changes in the project nexysA7fpga_hw_platform_0.
15:00:34 INFO  : Launching XSCT server: xsct.bat -interactive C:\Users\ME\Vivado_Projects\project_0\project_0.sdk\temp_xsdb_launch_script.tcl
15:00:38 INFO  : XSCT server has started successfully.
15:00:38 INFO  : Successfully done setting XSCT server connection channel  
15:00:40 INFO  : Successfully done setting SDK workspace  
15:00:47 INFO  : Registering command handlers for SDK TCF services
15:00:48 INFO  : Processing command line option -hwspec C:/Users/ME/Vivado_Projects/project_0/project_0.sdk/nexysA7fpga.hdf.
15:00:49 INFO  : Checking for hwspec changes in the project nexysA7fpga_hw_platform_0.
02:26:18 INFO  : Registering command handlers for SDK TCF services
02:26:19 INFO  : Launching XSCT server: xsct.bat -interactive C:\Users\ME\Vivado_Projects\project_0\project_0.sdk\temp_xsdb_launch_script.tcl
02:26:21 INFO  : XSCT server has started successfully.
02:26:21 INFO  : Successfully done setting XSCT server connection channel  
02:26:22 INFO  : Successfully done setting SDK workspace  
02:26:22 INFO  : Processing command line option -hwspec C:/Users/ME/Vivado_Projects/project_0/project_0.sdk/nexysA7fpga.hdf.
02:26:22 INFO  : Checking for hwspec changes in the project nexysA7fpga_hw_platform_0.
12:38:25 INFO  : Registering command handlers for SDK TCF services
12:38:26 INFO  : Launching XSCT server: xsct.bat -interactive C:\Users\ME\Vivado_Projects\project_0\project_0.sdk\temp_xsdb_launch_script.tcl
12:38:29 INFO  : XSCT server has started successfully.
12:38:29 INFO  : Successfully done setting XSCT server connection channel  
12:38:30 INFO  : Successfully done setting SDK workspace  
12:38:30 INFO  : Processing command line option -hwspec C:/Users/ME/Vivado_Projects/project_0/project_0.sdk/nexysA7fpga.hdf.
12:38:31 INFO  : Checking for hwspec changes in the project nexysA7fpga_hw_platform_0.
